2022-04-06 10:43:32.078 [main] INFO  com.sjq.edu.EduTeacherApplication - Starting EduTeacherApplication using Java 1.8.0_261 on LAPTOP-4COONQEM with PID 10428 (D:\IDEA\ideaproject\mall\service\service-edu\target\classes started by Kemp in D:\IDEA\ideaproject\mall)
2022-04-06 10:43:32.093 [main] INFO  com.sjq.edu.EduTeacherApplication - The following profiles are active: dev
2022-04-06 10:43:33.670 [main] INFO  o.s.d.r.config.RepositoryConfigurationDelegate - Multiple Spring Data modules found, entering strict repository configuration mode!
2022-04-06 10:43:33.673 [main] INFO  o.s.d.r.config.RepositoryConfigurationDelegate - Bootstrapping Spring Data Redis repositories in DEFAULT mode.
2022-04-06 10:43:33.722 [main] INFO  o.s.d.r.config.RepositoryConfigurationDelegate - Finished Spring Data repository scanning in 28 ms. Found 0 Redis repository interfaces.
2022-04-06 10:43:34.328 [main] INFO  o.s.boot.web.embedded.tomcat.TomcatWebServer - Tomcat initialized with port(s): 8001 (http)
2022-04-06 10:43:34.337 [main] INFO  org.apache.coyote.http11.Http11NioProtocol - Initializing ProtocolHandler ["http-nio-8001"]
2022-04-06 10:43:34.337 [main] INFO  org.apache.catalina.core.StandardService - Starting service [Tomcat]
2022-04-06 10:43:34.337 [main] INFO  org.apache.catalina.core.StandardEngine - Starting Servlet engine: [Apache Tomcat/9.0.41]
2022-04-06 10:43:34.484 [main] INFO  o.a.c.core.ContainerBase.[Tomcat].[localhost].[/] - Initializing Spring embedded WebApplicationContext
2022-04-06 10:43:34.484 [main] INFO  o.s.b.w.s.c.ServletWebServerApplicationContext - Root WebApplicationContext: initialization completed in 2297 ms
2022-04-06 10:43:34.822 [main] INFO  com.sjq.edu.config.redis.RedisConfig - RedisTemplate实例化成功！
2022-04-06 10:43:35.029 [main] INFO  com.sjq.edu.config.redis.RedisConfig - RedisUtil注入成功！
2022-04-06 10:43:35.182 [main] INFO  c.a.d.s.b.a.DruidDataSourceAutoConfigure - Init DruidDataSource
2022-04-06 10:43:35.308 [main] INFO  com.alibaba.druid.pool.DruidDataSource - {dataSource-1} inited
2022-04-06 10:43:36.971 [main] INFO  o.s.b.actuate.endpoint.web.EndpointLinksResolver - Exposing 2 endpoint(s) beneath base path '/actuator'
2022-04-06 10:43:37.063 [main] INFO  s.d.s.w.PropertySourcedRequestMappingHandlerMapping - Mapped URL path [/v2/api-docs] onto method [springfox.documentation.swagger2.web.Swagger2Controller#getDocumentation(String, HttpServletRequest)]
2022-04-06 10:43:37.163 [main] INFO  o.s.scheduling.concurrent.ThreadPoolTaskExecutor - Initializing ExecutorService 'applicationTaskExecutor'
2022-04-06 10:43:37.761 [main] INFO  org.apache.coyote.http11.Http11NioProtocol - Starting ProtocolHandler ["http-nio-8001"]
2022-04-06 10:43:37.787 [main] INFO  o.s.boot.web.embedded.tomcat.TomcatWebServer - Tomcat started on port(s): 8001 (http) with context path ''
2022-04-06 10:43:37.789 [main] INFO  s.d.s.web.plugins.DocumentationPluginsBootstrapper - Context refreshed
2022-04-06 10:43:37.807 [main] INFO  s.d.s.web.plugins.DocumentationPluginsBootstrapper - Found 1 custom documentation plugin(s)
2022-04-06 10:43:37.848 [main] INFO  s.d.spring.web.scanners.ApiListingReferenceScanner - Scanning for api listing references
2022-04-06 10:43:38.025 [main] INFO  s.d.s.w.r.operation.CachingOperationNameGenerator - Generating unique operation named: handleUsingGET_1
2022-04-06 10:43:38.028 [main] INFO  s.d.s.w.r.operation.CachingOperationNameGenerator - Generating unique operation named: handleUsingGET_2
2022-04-06 10:43:38.071 [main] INFO  com.sjq.edu.EduTeacherApplication - Started EduTeacherApplication in 7.362 seconds (JVM running for 9.248)
2022-04-06 10:43:39.042 [RMI TCP Connection(3)-26.26.26.1] INFO  o.a.c.core.ContainerBase.[Tomcat].[localhost].[/] - Initializing Spring DispatcherServlet 'dispatcherServlet'
2022-04-06 10:43:39.043 [RMI TCP Connection(3)-26.26.26.1] INFO  org.springframework.web.servlet.DispatcherServlet - Initializing Servlet 'dispatcherServlet'
2022-04-06 10:43:39.048 [RMI TCP Connection(3)-26.26.26.1] INFO  org.springframework.web.servlet.DispatcherServlet - Completed initialization in 3 ms
2022-04-06 12:43:08.144 [SpringContextShutdownHook] INFO  o.s.scheduling.concurrent.ThreadPoolTaskExecutor - Shutting down ExecutorService 'applicationTaskExecutor'
2022-04-06 12:43:08.150 [SpringContextShutdownHook] INFO  com.alibaba.druid.pool.DruidDataSource - {dataSource-1} closing ...
2022-04-06 12:43:08.152 [SpringContextShutdownHook] INFO  com.alibaba.druid.pool.DruidDataSource - {dataSource-1} closed
2022-04-06 12:43:13.174 [main] INFO  com.sjq.edu.EduTeacherApplication - Starting EduTeacherApplication using Java 1.8.0_261 on LAPTOP-4COONQEM with PID 9988 (D:\IDEA\ideaproject\mall\service\service-edu\target\classes started by Kemp in D:\IDEA\ideaproject\mall)
2022-04-06 12:43:13.177 [main] INFO  com.sjq.edu.EduTeacherApplication - The following profiles are active: dev
2022-04-06 12:43:14.545 [main] INFO  o.s.d.r.config.RepositoryConfigurationDelegate - Multiple Spring Data modules found, entering strict repository configuration mode!
2022-04-06 12:43:14.547 [main] INFO  o.s.d.r.config.RepositoryConfigurationDelegate - Bootstrapping Spring Data Redis repositories in DEFAULT mode.
2022-04-06 12:43:14.574 [main] INFO  o.s.d.r.config.RepositoryConfigurationDelegate - Finished Spring Data repository scanning in 12 ms. Found 0 Redis repository interfaces.
2022-04-06 12:43:15.007 [main] INFO  o.s.boot.web.embedded.tomcat.TomcatWebServer - Tomcat initialized with port(s): 8001 (http)
2022-04-06 12:43:15.016 [main] INFO  org.apache.coyote.http11.Http11NioProtocol - Initializing ProtocolHandler ["http-nio-8001"]
2022-04-06 12:43:15.017 [main] INFO  org.apache.catalina.core.StandardService - Starting service [Tomcat]
2022-04-06 12:43:15.017 [main] INFO  org.apache.catalina.core.StandardEngine - Starting Servlet engine: [Apache Tomcat/9.0.41]
2022-04-06 12:43:15.128 [main] INFO  o.a.c.core.ContainerBase.[Tomcat].[localhost].[/] - Initializing Spring embedded WebApplicationContext
2022-04-06 12:43:15.128 [main] INFO  o.s.b.w.s.c.ServletWebServerApplicationContext - Root WebApplicationContext: initialization completed in 1912 ms
2022-04-06 12:43:15.351 [main] INFO  com.sjq.edu.config.redis.RedisConfig - RedisTemplate实例化成功！
2022-04-06 12:43:15.443 [main] INFO  com.sjq.edu.config.redis.RedisConfig - RedisUtil注入成功！
2022-04-06 12:43:15.519 [main] INFO  c.a.d.s.b.a.DruidDataSourceAutoConfigure - Init DruidDataSource
2022-04-06 12:43:15.592 [main] INFO  com.alibaba.druid.pool.DruidDataSource - {dataSource-1} inited
2022-04-06 12:43:16.710 [main] INFO  o.s.b.actuate.endpoint.web.EndpointLinksResolver - Exposing 2 endpoint(s) beneath base path '/actuator'
2022-04-06 12:43:16.768 [main] INFO  s.d.s.w.PropertySourcedRequestMappingHandlerMapping - Mapped URL path [/v2/api-docs] onto method [springfox.documentation.swagger2.web.Swagger2Controller#getDocumentation(String, HttpServletRequest)]
2022-04-06 12:43:16.855 [main] INFO  o.s.scheduling.concurrent.ThreadPoolTaskExecutor - Initializing ExecutorService 'applicationTaskExecutor'
2022-04-06 12:43:17.256 [main] INFO  org.apache.coyote.http11.Http11NioProtocol - Starting ProtocolHandler ["http-nio-8001"]
2022-04-06 12:43:17.294 [main] INFO  o.s.boot.web.embedded.tomcat.TomcatWebServer - Tomcat started on port(s): 8001 (http) with context path ''
2022-04-06 12:43:17.294 [main] INFO  s.d.s.web.plugins.DocumentationPluginsBootstrapper - Context refreshed
2022-04-06 12:43:17.308 [main] INFO  s.d.s.web.plugins.DocumentationPluginsBootstrapper - Found 1 custom documentation plugin(s)
2022-04-06 12:43:17.342 [main] INFO  s.d.spring.web.scanners.ApiListingReferenceScanner - Scanning for api listing references
2022-04-06 12:43:17.473 [main] INFO  s.d.s.w.r.operation.CachingOperationNameGenerator - Generating unique operation named: handleUsingGET_1
2022-04-06 12:43:17.475 [main] INFO  s.d.s.w.r.operation.CachingOperationNameGenerator - Generating unique operation named: handleUsingGET_2
2022-04-06 12:43:17.499 [main] INFO  com.sjq.edu.EduTeacherApplication - Started EduTeacherApplication in 4.843 seconds (JVM running for 6.005)
2022-04-06 12:43:17.589 [RMI TCP Connection(1)-26.26.26.1] INFO  o.a.c.core.ContainerBase.[Tomcat].[localhost].[/] - Initializing Spring DispatcherServlet 'dispatcherServlet'
2022-04-06 12:43:17.589 [RMI TCP Connection(1)-26.26.26.1] INFO  org.springframework.web.servlet.DispatcherServlet - Initializing Servlet 'dispatcherServlet'
2022-04-06 12:43:17.590 [RMI TCP Connection(1)-26.26.26.1] INFO  org.springframework.web.servlet.DispatcherServlet - Completed initialization in 1 ms
2022-04-06 12:49:05.858 [SpringContextShutdownHook] INFO  o.s.scheduling.concurrent.ThreadPoolTaskExecutor - Shutting down ExecutorService 'applicationTaskExecutor'
2022-04-06 12:49:05.861 [SpringContextShutdownHook] INFO  com.alibaba.druid.pool.DruidDataSource - {dataSource-1} closing ...
2022-04-06 12:49:05.863 [SpringContextShutdownHook] INFO  com.alibaba.druid.pool.DruidDataSource - {dataSource-1} closed
2022-04-06 12:49:11.199 [main] INFO  com.sjq.edu.EduTeacherApplication - Starting EduTeacherApplication using Java 1.8.0_261 on LAPTOP-4COONQEM with PID 2916 (D:\IDEA\ideaproject\mall\service\service-edu\target\classes started by Kemp in D:\IDEA\ideaproject\mall)
2022-04-06 12:49:11.205 [main] INFO  com.sjq.edu.EduTeacherApplication - The following profiles are active: dev
2022-04-06 12:49:12.769 [main] INFO  o.s.d.r.config.RepositoryConfigurationDelegate - Multiple Spring Data modules found, entering strict repository configuration mode!
2022-04-06 12:49:12.772 [main] INFO  o.s.d.r.config.RepositoryConfigurationDelegate - Bootstrapping Spring Data Redis repositories in DEFAULT mode.
2022-04-06 12:49:12.797 [main] INFO  o.s.d.r.config.RepositoryConfigurationDelegate - Finished Spring Data repository scanning in 12 ms. Found 0 Redis repository interfaces.
2022-04-06 12:49:13.251 [main] INFO  o.s.boot.web.embedded.tomcat.TomcatWebServer - Tomcat initialized with port(s): 8001 (http)
2022-04-06 12:49:13.260 [main] INFO  org.apache.coyote.http11.Http11NioProtocol - Initializing ProtocolHandler ["http-nio-8001"]
2022-04-06 12:49:13.260 [main] INFO  org.apache.catalina.core.StandardService - Starting service [Tomcat]
2022-04-06 12:49:13.261 [main] INFO  org.apache.catalina.core.StandardEngine - Starting Servlet engine: [Apache Tomcat/9.0.41]
2022-04-06 12:49:13.364 [main] INFO  o.a.c.core.ContainerBase.[Tomcat].[localhost].[/] - Initializing Spring embedded WebApplicationContext
2022-04-06 12:49:13.365 [main] INFO  o.s.b.w.s.c.ServletWebServerApplicationContext - Root WebApplicationContext: initialization completed in 2112 ms
2022-04-06 12:49:13.652 [main] INFO  com.sjq.edu.config.redis.RedisConfig - RedisTemplate实例化成功！
2022-04-06 12:49:13.734 [main] INFO  com.sjq.edu.config.redis.RedisConfig - RedisUtil注入成功！
2022-04-06 12:49:13.825 [main] INFO  c.a.d.s.b.a.DruidDataSourceAutoConfigure - Init DruidDataSource
2022-04-06 12:49:13.917 [main] INFO  com.alibaba.druid.pool.DruidDataSource - {dataSource-1} inited
2022-04-06 12:49:15.279 [main] INFO  o.s.b.actuate.endpoint.web.EndpointLinksResolver - Exposing 2 endpoint(s) beneath base path '/actuator'
2022-04-06 12:49:15.331 [main] INFO  s.d.s.w.PropertySourcedRequestMappingHandlerMapping - Mapped URL path [/v2/api-docs] onto method [springfox.documentation.swagger2.web.Swagger2Controller#getDocumentation(String, HttpServletRequest)]
2022-04-06 12:49:15.411 [main] INFO  o.s.scheduling.concurrent.ThreadPoolTaskExecutor - Initializing ExecutorService 'applicationTaskExecutor'
2022-04-06 12:49:15.797 [main] INFO  org.apache.coyote.http11.Http11NioProtocol - Starting ProtocolHandler ["http-nio-8001"]
2022-04-06 12:49:15.814 [main] INFO  o.s.boot.web.embedded.tomcat.TomcatWebServer - Tomcat started on port(s): 8001 (http) with context path ''
2022-04-06 12:49:15.816 [main] INFO  s.d.s.web.plugins.DocumentationPluginsBootstrapper - Context refreshed
2022-04-06 12:49:15.834 [main] INFO  s.d.s.web.plugins.DocumentationPluginsBootstrapper - Found 1 custom documentation plugin(s)
2022-04-06 12:49:15.873 [main] INFO  s.d.spring.web.scanners.ApiListingReferenceScanner - Scanning for api listing references
2022-04-06 12:49:16.027 [main] INFO  s.d.s.w.r.operation.CachingOperationNameGenerator - Generating unique operation named: handleUsingGET_1
2022-04-06 12:49:16.029 [main] INFO  s.d.s.w.r.operation.CachingOperationNameGenerator - Generating unique operation named: handleUsingGET_2
2022-04-06 12:49:16.057 [main] INFO  com.sjq.edu.EduTeacherApplication - Started EduTeacherApplication in 5.462 seconds (JVM running for 6.676)
2022-04-06 12:49:16.826 [RMI TCP Connection(6)-26.26.26.1] INFO  o.a.c.core.ContainerBase.[Tomcat].[localhost].[/] - Initializing Spring DispatcherServlet 'dispatcherServlet'
2022-04-06 12:49:16.826 [RMI TCP Connection(6)-26.26.26.1] INFO  org.springframework.web.servlet.DispatcherServlet - Initializing Servlet 'dispatcherServlet'
2022-04-06 12:49:16.827 [RMI TCP Connection(6)-26.26.26.1] INFO  org.springframework.web.servlet.DispatcherServlet - Completed initialization in 1 ms
2022-04-06 17:08:46.494 [SpringContextShutdownHook] INFO  o.s.scheduling.concurrent.ThreadPoolTaskExecutor - Shutting down ExecutorService 'applicationTaskExecutor'
2022-04-06 17:08:46.507 [SpringContextShutdownHook] INFO  com.alibaba.druid.pool.DruidDataSource - {dataSource-1} closing ...
2022-04-06 17:08:46.511 [SpringContextShutdownHook] INFO  com.alibaba.druid.pool.DruidDataSource - {dataSource-1} closed
