2022-04-02 11:22:29.516 [main] INFO  com.sjq.edu.EduTeacherApplication - Starting EduTeacherApplication using Java 1.8.0_261 on LAPTOP-4COONQEM with PID 16880 (D:\IDEA\ideaproject\mall\service\service-edu\target\classes started by Kemp in D:\IDEA\ideaproject\mall)
2022-04-02 11:22:29.538 [main] INFO  com.sjq.edu.EduTeacherApplication - The following profiles are active: dev
2022-04-02 11:22:31.743 [main] INFO  o.s.d.r.config.RepositoryConfigurationDelegate - Multiple Spring Data modules found, entering strict repository configuration mode!
2022-04-02 11:22:31.746 [main] INFO  o.s.d.r.config.RepositoryConfigurationDelegate - Bootstrapping Spring Data Redis repositories in DEFAULT mode.
2022-04-02 11:22:31.780 [main] INFO  o.s.d.r.config.RepositoryConfigurationDelegate - Finished Spring Data repository scanning in 16 ms. Found 0 Redis repository interfaces.
2022-04-02 11:22:32.365 [main] INFO  o.s.boot.web.embedded.tomcat.TomcatWebServer - Tomcat initialized with port(s): 8001 (http)
2022-04-02 11:22:32.379 [main] INFO  org.apache.coyote.http11.Http11NioProtocol - Initializing ProtocolHandler ["http-nio-8001"]
2022-04-02 11:22:32.380 [main] INFO  org.apache.catalina.core.StandardService - Starting service [Tomcat]
2022-04-02 11:22:32.380 [main] INFO  org.apache.catalina.core.StandardEngine - Starting Servlet engine: [Apache Tomcat/9.0.41]
2022-04-02 11:22:32.497 [main] INFO  o.a.c.core.ContainerBase.[Tomcat].[localhost].[/] - Initializing Spring embedded WebApplicationContext
2022-04-02 11:22:32.497 [main] INFO  o.s.b.w.s.c.ServletWebServerApplicationContext - Root WebApplicationContext: initialization completed in 2855 ms
2022-04-02 11:22:32.845 [main] INFO  com.sjq.edu.config.redis.RedisConfig - RedisTemplate实例化成功！
2022-04-02 11:22:33.024 [main] INFO  com.sjq.edu.config.redis.RedisConfig - RedisUtil注入成功！
2022-04-02 11:22:33.222 [main] INFO  c.a.d.s.b.a.DruidDataSourceAutoConfigure - Init DruidDataSource
2022-04-02 11:22:33.340 [main] INFO  com.alibaba.druid.pool.DruidDataSource - {dataSource-1} inited
2022-04-02 11:22:34.754 [main] INFO  o.s.b.actuate.endpoint.web.EndpointLinksResolver - Exposing 2 endpoint(s) beneath base path '/actuator'
2022-04-02 11:22:34.813 [main] INFO  s.d.s.w.PropertySourcedRequestMappingHandlerMapping - Mapped URL path [/v2/api-docs] onto method [springfox.documentation.swagger2.web.Swagger2Controller#getDocumentation(String, HttpServletRequest)]
2022-04-02 11:22:34.903 [main] INFO  o.s.scheduling.concurrent.ThreadPoolTaskExecutor - Initializing ExecutorService 'applicationTaskExecutor'
2022-04-02 11:22:35.468 [main] INFO  org.apache.coyote.http11.Http11NioProtocol - Starting ProtocolHandler ["http-nio-8001"]
2022-04-02 11:22:35.514 [main] INFO  o.s.boot.web.embedded.tomcat.TomcatWebServer - Tomcat started on port(s): 8001 (http) with context path ''
2022-04-02 11:22:35.515 [main] INFO  s.d.s.web.plugins.DocumentationPluginsBootstrapper - Context refreshed
2022-04-02 11:22:35.542 [main] INFO  s.d.s.web.plugins.DocumentationPluginsBootstrapper - Found 1 custom documentation plugin(s)
2022-04-02 11:22:35.604 [main] INFO  s.d.spring.web.scanners.ApiListingReferenceScanner - Scanning for api listing references
2022-04-02 11:22:35.823 [main] INFO  s.d.s.w.r.operation.CachingOperationNameGenerator - Generating unique operation named: handleUsingGET_1
2022-04-02 11:22:35.825 [main] INFO  s.d.s.w.r.operation.CachingOperationNameGenerator - Generating unique operation named: handleUsingGET_2
2022-04-02 11:22:35.863 [main] INFO  com.sjq.edu.EduTeacherApplication - Started EduTeacherApplication in 7.214 seconds (JVM running for 8.944)
2022-04-02 11:22:36.610 [RMI TCP Connection(2)-192.168.72.1] INFO  o.a.c.core.ContainerBase.[Tomcat].[localhost].[/] - Initializing Spring DispatcherServlet 'dispatcherServlet'
2022-04-02 11:22:36.610 [RMI TCP Connection(2)-192.168.72.1] INFO  org.springframework.web.servlet.DispatcherServlet - Initializing Servlet 'dispatcherServlet'
2022-04-02 11:22:36.612 [RMI TCP Connection(2)-192.168.72.1] INFO  org.springframework.web.servlet.DispatcherServlet - Completed initialization in 2 ms
2022-04-02 11:25:21.597 [SpringContextShutdownHook] INFO  o.s.scheduling.concurrent.ThreadPoolTaskExecutor - Shutting down ExecutorService 'applicationTaskExecutor'
2022-04-02 11:25:21.600 [SpringContextShutdownHook] INFO  com.alibaba.druid.pool.DruidDataSource - {dataSource-1} closing ...
2022-04-02 11:25:21.604 [SpringContextShutdownHook] INFO  com.alibaba.druid.pool.DruidDataSource - {dataSource-1} closed
2022-04-02 11:25:28.360 [main] INFO  com.sjq.edu.EduTeacherApplication - Starting EduTeacherApplication using Java 1.8.0_261 on LAPTOP-4COONQEM with PID 16320 (D:\IDEA\ideaproject\mall\service\service-edu\target\classes started by Kemp in D:\IDEA\ideaproject\mall)
2022-04-02 11:25:28.370 [main] INFO  com.sjq.edu.EduTeacherApplication - The following profiles are active: dev
2022-04-02 11:25:30.445 [main] INFO  o.s.d.r.config.RepositoryConfigurationDelegate - Multiple Spring Data modules found, entering strict repository configuration mode!
2022-04-02 11:25:30.450 [main] INFO  o.s.d.r.config.RepositoryConfigurationDelegate - Bootstrapping Spring Data Redis repositories in DEFAULT mode.
2022-04-02 11:25:30.505 [main] INFO  o.s.d.r.config.RepositoryConfigurationDelegate - Finished Spring Data repository scanning in 21 ms. Found 0 Redis repository interfaces.
2022-04-02 11:25:31.112 [main] INFO  o.s.boot.web.embedded.tomcat.TomcatWebServer - Tomcat initialized with port(s): 8001 (http)
2022-04-02 11:25:31.120 [main] INFO  org.apache.coyote.http11.Http11NioProtocol - Initializing ProtocolHandler ["http-nio-8001"]
2022-04-02 11:25:31.121 [main] INFO  org.apache.catalina.core.StandardService - Starting service [Tomcat]
2022-04-02 11:25:31.121 [main] INFO  org.apache.catalina.core.StandardEngine - Starting Servlet engine: [Apache Tomcat/9.0.41]
2022-04-02 11:25:31.224 [main] INFO  o.a.c.core.ContainerBase.[Tomcat].[localhost].[/] - Initializing Spring embedded WebApplicationContext
2022-04-02 11:25:31.224 [main] INFO  o.s.b.w.s.c.ServletWebServerApplicationContext - Root WebApplicationContext: initialization completed in 2785 ms
2022-04-02 11:25:31.428 [main] INFO  com.sjq.edu.config.redis.RedisConfig - RedisTemplate实例化成功！
2022-04-02 11:25:31.529 [main] INFO  com.sjq.edu.config.redis.RedisConfig - RedisUtil注入成功！
2022-04-02 11:25:31.600 [main] INFO  c.a.d.s.b.a.DruidDataSourceAutoConfigure - Init DruidDataSource
2022-04-02 11:25:31.669 [main] INFO  com.alibaba.druid.pool.DruidDataSource - {dataSource-1} inited
2022-04-02 11:25:32.751 [main] INFO  o.s.b.actuate.endpoint.web.EndpointLinksResolver - Exposing 2 endpoint(s) beneath base path '/actuator'
2022-04-02 11:25:32.796 [main] INFO  s.d.s.w.PropertySourcedRequestMappingHandlerMapping - Mapped URL path [/v2/api-docs] onto method [springfox.documentation.swagger2.web.Swagger2Controller#getDocumentation(String, HttpServletRequest)]
2022-04-02 11:25:32.864 [main] INFO  o.s.scheduling.concurrent.ThreadPoolTaskExecutor - Initializing ExecutorService 'applicationTaskExecutor'
2022-04-02 11:25:33.241 [main] INFO  org.apache.coyote.http11.Http11NioProtocol - Starting ProtocolHandler ["http-nio-8001"]
2022-04-02 11:25:33.257 [main] INFO  o.s.boot.web.embedded.tomcat.TomcatWebServer - Tomcat started on port(s): 8001 (http) with context path ''
2022-04-02 11:25:33.258 [main] INFO  s.d.s.web.plugins.DocumentationPluginsBootstrapper - Context refreshed
2022-04-02 11:25:33.272 [main] INFO  s.d.s.web.plugins.DocumentationPluginsBootstrapper - Found 1 custom documentation plugin(s)
2022-04-02 11:25:33.303 [main] INFO  s.d.spring.web.scanners.ApiListingReferenceScanner - Scanning for api listing references
2022-04-02 11:25:33.430 [main] INFO  s.d.s.w.r.operation.CachingOperationNameGenerator - Generating unique operation named: handleUsingGET_1
2022-04-02 11:25:33.432 [main] INFO  s.d.s.w.r.operation.CachingOperationNameGenerator - Generating unique operation named: handleUsingGET_2
2022-04-02 11:25:33.454 [main] INFO  com.sjq.edu.EduTeacherApplication - Started EduTeacherApplication in 6.186 seconds (JVM running for 7.777)
2022-04-02 11:25:34.148 [RMI TCP Connection(1)-192.168.72.1] INFO  o.a.c.core.ContainerBase.[Tomcat].[localhost].[/] - Initializing Spring DispatcherServlet 'dispatcherServlet'
2022-04-02 11:25:34.148 [RMI TCP Connection(1)-192.168.72.1] INFO  org.springframework.web.servlet.DispatcherServlet - Initializing Servlet 'dispatcherServlet'
2022-04-02 11:25:34.151 [RMI TCP Connection(1)-192.168.72.1] INFO  org.springframework.web.servlet.DispatcherServlet - Completed initialization in 2 ms
2022-04-02 11:41:01.900 [SpringContextShutdownHook] INFO  o.s.scheduling.concurrent.ThreadPoolTaskExecutor - Shutting down ExecutorService 'applicationTaskExecutor'
2022-04-02 11:41:01.904 [SpringContextShutdownHook] INFO  com.alibaba.druid.pool.DruidDataSource - {dataSource-1} closing ...
2022-04-02 11:41:01.908 [SpringContextShutdownHook] INFO  com.alibaba.druid.pool.DruidDataSource - {dataSource-1} closed
2022-04-02 11:41:11.663 [main] INFO  com.sjq.edu.EduTeacherApplication - Starting EduTeacherApplication using Java 1.8.0_261 on LAPTOP-4COONQEM with PID 1632 (D:\IDEA\ideaproject\mall\service\service-edu\target\classes started by Kemp in D:\IDEA\ideaproject\mall)
2022-04-02 11:41:11.669 [main] INFO  com.sjq.edu.EduTeacherApplication - The following profiles are active: dev
2022-04-02 11:41:13.570 [main] INFO  o.s.d.r.config.RepositoryConfigurationDelegate - Multiple Spring Data modules found, entering strict repository configuration mode!
2022-04-02 11:41:13.573 [main] INFO  o.s.d.r.config.RepositoryConfigurationDelegate - Bootstrapping Spring Data Redis repositories in DEFAULT mode.
2022-04-02 11:41:13.617 [main] INFO  o.s.d.r.config.RepositoryConfigurationDelegate - Finished Spring Data repository scanning in 22 ms. Found 0 Redis repository interfaces.
2022-04-02 11:41:14.546 [main] INFO  o.s.boot.web.embedded.tomcat.TomcatWebServer - Tomcat initialized with port(s): 8001 (http)
2022-04-02 11:41:14.562 [main] INFO  org.apache.coyote.http11.Http11NioProtocol - Initializing ProtocolHandler ["http-nio-8001"]
2022-04-02 11:41:14.563 [main] INFO  org.apache.catalina.core.StandardService - Starting service [Tomcat]
2022-04-02 11:41:14.564 [main] INFO  org.apache.catalina.core.StandardEngine - Starting Servlet engine: [Apache Tomcat/9.0.41]
2022-04-02 11:41:14.843 [main] INFO  o.a.c.core.ContainerBase.[Tomcat].[localhost].[/] - Initializing Spring embedded WebApplicationContext
2022-04-02 11:41:14.843 [main] INFO  o.s.b.w.s.c.ServletWebServerApplicationContext - Root WebApplicationContext: initialization completed in 3125 ms
2022-04-02 11:41:15.402 [main] INFO  com.sjq.edu.config.redis.RedisConfig - RedisTemplate实例化成功！
2022-04-02 11:41:15.608 [main] INFO  com.sjq.edu.config.redis.RedisConfig - RedisUtil注入成功！
2022-04-02 11:41:15.778 [main] INFO  c.a.d.s.b.a.DruidDataSourceAutoConfigure - Init DruidDataSource
2022-04-02 11:41:15.924 [main] INFO  com.alibaba.druid.pool.DruidDataSource - {dataSource-1} inited
2022-04-02 11:41:18.024 [main] INFO  o.s.b.actuate.endpoint.web.EndpointLinksResolver - Exposing 2 endpoint(s) beneath base path '/actuator'
2022-04-02 11:41:18.104 [main] INFO  s.d.s.w.PropertySourcedRequestMappingHandlerMapping - Mapped URL path [/v2/api-docs] onto method [springfox.documentation.swagger2.web.Swagger2Controller#getDocumentation(String, HttpServletRequest)]
2022-04-02 11:41:18.199 [main] INFO  o.s.scheduling.concurrent.ThreadPoolTaskExecutor - Initializing ExecutorService 'applicationTaskExecutor'
2022-04-02 11:41:18.694 [main] INFO  org.apache.coyote.http11.Http11NioProtocol - Starting ProtocolHandler ["http-nio-8001"]
2022-04-02 11:41:18.718 [main] INFO  o.s.boot.web.embedded.tomcat.TomcatWebServer - Tomcat started on port(s): 8001 (http) with context path ''
2022-04-02 11:41:18.720 [main] INFO  s.d.s.web.plugins.DocumentationPluginsBootstrapper - Context refreshed
2022-04-02 11:41:18.756 [main] INFO  s.d.s.web.plugins.DocumentationPluginsBootstrapper - Found 1 custom documentation plugin(s)
2022-04-02 11:41:18.812 [http-nio-8001-exec-1] INFO  o.a.c.core.ContainerBase.[Tomcat].[localhost].[/] - Initializing Spring DispatcherServlet 'dispatcherServlet'
2022-04-02 11:41:18.812 [http-nio-8001-exec-1] INFO  org.springframework.web.servlet.DispatcherServlet - Initializing Servlet 'dispatcherServlet'
2022-04-02 11:41:18.815 [http-nio-8001-exec-1] INFO  org.springframework.web.servlet.DispatcherServlet - Completed initialization in 3 ms
2022-04-02 11:41:18.823 [main] INFO  s.d.spring.web.scanners.ApiListingReferenceScanner - Scanning for api listing references
2022-04-02 11:41:24.501 [main] INFO  s.d.s.w.r.operation.CachingOperationNameGenerator - Generating unique operation named: handleUsingGET_1
2022-04-02 11:41:24.505 [main] INFO  s.d.s.w.r.operation.CachingOperationNameGenerator - Generating unique operation named: handleUsingGET_2
2022-04-02 11:41:24.552 [main] INFO  com.sjq.edu.EduTeacherApplication - Started EduTeacherApplication in 13.965 seconds (JVM running for 15.892)
2022-04-02 11:46:09.137 [SpringContextShutdownHook] INFO  o.s.scheduling.concurrent.ThreadPoolTaskExecutor - Shutting down ExecutorService 'applicationTaskExecutor'
2022-04-02 11:46:09.140 [SpringContextShutdownHook] INFO  com.alibaba.druid.pool.DruidDataSource - {dataSource-1} closing ...
2022-04-02 11:46:09.143 [SpringContextShutdownHook] INFO  com.alibaba.druid.pool.DruidDataSource - {dataSource-1} closed
2022-04-02 11:48:05.142 [main] INFO  com.sjq.edu.EduTeacherApplication - Starting EduTeacherApplication using Java 1.8.0_261 on LAPTOP-4COONQEM with PID 10668 (D:\IDEA\ideaproject\mall\service\service-edu\target\classes started by Kemp in D:\IDEA\ideaproject\mall)
2022-04-02 11:48:05.145 [main] INFO  com.sjq.edu.EduTeacherApplication - The following profiles are active: dev
2022-04-02 11:48:06.338 [main] INFO  o.s.d.r.config.RepositoryConfigurationDelegate - Multiple Spring Data modules found, entering strict repository configuration mode!
2022-04-02 11:48:06.341 [main] INFO  o.s.d.r.config.RepositoryConfigurationDelegate - Bootstrapping Spring Data Redis repositories in DEFAULT mode.
2022-04-02 11:48:06.377 [main] INFO  o.s.d.r.config.RepositoryConfigurationDelegate - Finished Spring Data repository scanning in 20 ms. Found 0 Redis repository interfaces.
2022-04-02 11:48:06.800 [main] INFO  o.s.boot.web.embedded.tomcat.TomcatWebServer - Tomcat initialized with port(s): 8001 (http)
2022-04-02 11:48:06.809 [main] INFO  org.apache.coyote.http11.Http11NioProtocol - Initializing ProtocolHandler ["http-nio-8001"]
2022-04-02 11:48:06.809 [main] INFO  org.apache.catalina.core.StandardService - Starting service [Tomcat]
2022-04-02 11:48:06.809 [main] INFO  org.apache.catalina.core.StandardEngine - Starting Servlet engine: [Apache Tomcat/9.0.41]
2022-04-02 11:48:06.901 [main] INFO  o.a.c.core.ContainerBase.[Tomcat].[localhost].[/] - Initializing Spring embedded WebApplicationContext
2022-04-02 11:48:06.901 [main] INFO  o.s.b.w.s.c.ServletWebServerApplicationContext - Root WebApplicationContext: initialization completed in 1716 ms
2022-04-02 11:48:07.124 [main] INFO  com.sjq.edu.config.redis.RedisConfig - RedisTemplate实例化成功！
2022-04-02 11:48:07.179 [main] INFO  com.sjq.edu.config.redis.RedisConfig - RedisUtil注入成功！
2022-04-02 11:48:07.255 [main] INFO  c.a.d.s.b.a.DruidDataSourceAutoConfigure - Init DruidDataSource
2022-04-02 11:48:07.322 [main] INFO  com.alibaba.druid.pool.DruidDataSource - {dataSource-1} inited
2022-04-02 11:48:08.399 [main] INFO  o.s.b.actuate.endpoint.web.EndpointLinksResolver - Exposing 2 endpoint(s) beneath base path '/actuator'
2022-04-02 11:48:08.447 [main] INFO  s.d.s.w.PropertySourcedRequestMappingHandlerMapping - Mapped URL path [/v2/api-docs] onto method [springfox.documentation.swagger2.web.Swagger2Controller#getDocumentation(String, HttpServletRequest)]
2022-04-02 11:48:08.517 [main] INFO  o.s.scheduling.concurrent.ThreadPoolTaskExecutor - Initializing ExecutorService 'applicationTaskExecutor'
2022-04-02 11:48:08.920 [main] INFO  org.apache.coyote.http11.Http11NioProtocol - Starting ProtocolHandler ["http-nio-8001"]
2022-04-02 11:48:08.938 [main] INFO  o.s.boot.web.embedded.tomcat.TomcatWebServer - Tomcat started on port(s): 8001 (http) with context path ''
2022-04-02 11:48:08.939 [main] INFO  s.d.s.web.plugins.DocumentationPluginsBootstrapper - Context refreshed
2022-04-02 11:48:08.954 [main] INFO  s.d.s.web.plugins.DocumentationPluginsBootstrapper - Found 1 custom documentation plugin(s)
2022-04-02 11:48:08.989 [main] INFO  s.d.spring.web.scanners.ApiListingReferenceScanner - Scanning for api listing references
2022-04-02 11:48:09.109 [main] INFO  s.d.s.w.r.operation.CachingOperationNameGenerator - Generating unique operation named: handleUsingGET_1
2022-04-02 11:48:09.111 [main] INFO  s.d.s.w.r.operation.CachingOperationNameGenerator - Generating unique operation named: handleUsingGET_2
2022-04-02 11:48:09.134 [main] INFO  com.sjq.edu.EduTeacherApplication - Started EduTeacherApplication in 4.418 seconds (JVM running for 5.423)
2022-04-02 11:48:09.908 [RMI TCP Connection(5)-192.168.72.1] INFO  o.a.c.core.ContainerBase.[Tomcat].[localhost].[/] - Initializing Spring DispatcherServlet 'dispatcherServlet'
2022-04-02 11:48:09.908 [RMI TCP Connection(5)-192.168.72.1] INFO  org.springframework.web.servlet.DispatcherServlet - Initializing Servlet 'dispatcherServlet'
2022-04-02 11:48:09.910 [RMI TCP Connection(5)-192.168.72.1] INFO  org.springframework.web.servlet.DispatcherServlet - Completed initialization in 1 ms
2022-04-02 11:57:42.994 [SpringContextShutdownHook] INFO  o.s.scheduling.concurrent.ThreadPoolTaskExecutor - Shutting down ExecutorService 'applicationTaskExecutor'
2022-04-02 11:57:42.998 [SpringContextShutdownHook] INFO  com.alibaba.druid.pool.DruidDataSource - {dataSource-1} closing ...
2022-04-02 11:57:43.000 [SpringContextShutdownHook] INFO  com.alibaba.druid.pool.DruidDataSource - {dataSource-1} closed
2022-04-02 11:57:48.165 [main] INFO  com.sjq.edu.EduTeacherApplication - Starting EduTeacherApplication using Java 1.8.0_261 on LAPTOP-4COONQEM with PID 1868 (D:\IDEA\ideaproject\mall\service\service-edu\target\classes started by Kemp in D:\IDEA\ideaproject\mall)
2022-04-02 11:57:48.168 [main] INFO  com.sjq.edu.EduTeacherApplication - The following profiles are active: dev
2022-04-02 11:57:49.349 [main] INFO  o.s.d.r.config.RepositoryConfigurationDelegate - Multiple Spring Data modules found, entering strict repository configuration mode!
2022-04-02 11:57:49.351 [main] INFO  o.s.d.r.config.RepositoryConfigurationDelegate - Bootstrapping Spring Data Redis repositories in DEFAULT mode.
2022-04-02 11:57:49.377 [main] INFO  o.s.d.r.config.RepositoryConfigurationDelegate - Finished Spring Data repository scanning in 12 ms. Found 0 Redis repository interfaces.
2022-04-02 11:57:49.773 [main] INFO  o.s.boot.web.embedded.tomcat.TomcatWebServer - Tomcat initialized with port(s): 8001 (http)
2022-04-02 11:57:49.780 [main] INFO  org.apache.coyote.http11.Http11NioProtocol - Initializing ProtocolHandler ["http-nio-8001"]
2022-04-02 11:57:49.781 [main] INFO  org.apache.catalina.core.StandardService - Starting service [Tomcat]
2022-04-02 11:57:49.781 [main] INFO  org.apache.catalina.core.StandardEngine - Starting Servlet engine: [Apache Tomcat/9.0.41]
2022-04-02 11:57:49.868 [main] INFO  o.a.c.core.ContainerBase.[Tomcat].[localhost].[/] - Initializing Spring embedded WebApplicationContext
2022-04-02 11:57:49.869 [main] INFO  o.s.b.w.s.c.ServletWebServerApplicationContext - Root WebApplicationContext: initialization completed in 1659 ms
2022-04-02 11:57:50.042 [main] INFO  com.sjq.edu.config.redis.RedisConfig - RedisTemplate实例化成功！
2022-04-02 11:57:50.139 [main] INFO  com.sjq.edu.config.redis.RedisConfig - RedisUtil注入成功！
2022-04-02 11:57:50.214 [main] INFO  c.a.d.s.b.a.DruidDataSourceAutoConfigure - Init DruidDataSource
2022-04-02 11:57:50.283 [main] INFO  com.alibaba.druid.pool.DruidDataSource - {dataSource-1} inited
2022-04-02 11:57:51.399 [main] INFO  o.s.b.actuate.endpoint.web.EndpointLinksResolver - Exposing 2 endpoint(s) beneath base path '/actuator'
2022-04-02 11:57:51.448 [main] INFO  s.d.s.w.PropertySourcedRequestMappingHandlerMapping - Mapped URL path [/v2/api-docs] onto method [springfox.documentation.swagger2.web.Swagger2Controller#getDocumentation(String, HttpServletRequest)]
2022-04-02 11:57:51.519 [main] INFO  o.s.scheduling.concurrent.ThreadPoolTaskExecutor - Initializing ExecutorService 'applicationTaskExecutor'
2022-04-02 11:57:51.959 [main] INFO  org.apache.coyote.http11.Http11NioProtocol - Starting ProtocolHandler ["http-nio-8001"]
2022-04-02 11:57:51.972 [main] INFO  o.s.boot.web.embedded.tomcat.TomcatWebServer - Tomcat started on port(s): 8001 (http) with context path ''
2022-04-02 11:57:51.973 [main] INFO  s.d.s.web.plugins.DocumentationPluginsBootstrapper - Context refreshed
2022-04-02 11:57:51.985 [main] INFO  s.d.s.web.plugins.DocumentationPluginsBootstrapper - Found 1 custom documentation plugin(s)
2022-04-02 11:57:52.014 [main] INFO  s.d.spring.web.scanners.ApiListingReferenceScanner - Scanning for api listing references
2022-04-02 11:57:52.128 [main] INFO  s.d.s.w.r.operation.CachingOperationNameGenerator - Generating unique operation named: handleUsingGET_1
2022-04-02 11:57:52.130 [main] INFO  s.d.s.w.r.operation.CachingOperationNameGenerator - Generating unique operation named: handleUsingGET_2
2022-04-02 11:57:52.153 [main] INFO  com.sjq.edu.EduTeacherApplication - Started EduTeacherApplication in 4.452 seconds (JVM running for 5.376)
2022-04-02 11:57:52.870 [RMI TCP Connection(2)-192.168.72.1] INFO  o.a.c.core.ContainerBase.[Tomcat].[localhost].[/] - Initializing Spring DispatcherServlet 'dispatcherServlet'
2022-04-02 11:57:52.870 [RMI TCP Connection(2)-192.168.72.1] INFO  org.springframework.web.servlet.DispatcherServlet - Initializing Servlet 'dispatcherServlet'
2022-04-02 11:57:52.872 [RMI TCP Connection(2)-192.168.72.1] INFO  org.springframework.web.servlet.DispatcherServlet - Completed initialization in 2 ms
2022-04-02 12:08:02.021 [SpringContextShutdownHook] INFO  o.s.scheduling.concurrent.ThreadPoolTaskExecutor - Shutting down ExecutorService 'applicationTaskExecutor'
2022-04-02 12:08:02.023 [SpringContextShutdownHook] INFO  com.alibaba.druid.pool.DruidDataSource - {dataSource-1} closing ...
2022-04-02 12:08:02.026 [SpringContextShutdownHook] INFO  com.alibaba.druid.pool.DruidDataSource - {dataSource-1} closed
2022-04-02 12:08:08.790 [main] INFO  com.sjq.edu.EduTeacherApplication - Starting EduTeacherApplication using Java 1.8.0_261 on LAPTOP-4COONQEM with PID 18468 (D:\IDEA\ideaproject\mall\service\service-edu\target\classes started by Kemp in D:\IDEA\ideaproject\mall)
2022-04-02 12:08:08.795 [main] INFO  com.sjq.edu.EduTeacherApplication - The following profiles are active: dev
2022-04-02 12:08:10.390 [main] INFO  o.s.d.r.config.RepositoryConfigurationDelegate - Multiple Spring Data modules found, entering strict repository configuration mode!
2022-04-02 12:08:10.394 [main] INFO  o.s.d.r.config.RepositoryConfigurationDelegate - Bootstrapping Spring Data Redis repositories in DEFAULT mode.
2022-04-02 12:08:10.427 [main] INFO  o.s.d.r.config.RepositoryConfigurationDelegate - Finished Spring Data repository scanning in 15 ms. Found 0 Redis repository interfaces.
2022-04-02 12:08:10.884 [main] INFO  o.s.boot.web.embedded.tomcat.TomcatWebServer - Tomcat initialized with port(s): 8001 (http)
2022-04-02 12:08:10.892 [main] INFO  org.apache.coyote.http11.Http11NioProtocol - Initializing ProtocolHandler ["http-nio-8001"]
2022-04-02 12:08:10.893 [main] INFO  org.apache.catalina.core.StandardService - Starting service [Tomcat]
2022-04-02 12:08:10.893 [main] INFO  org.apache.catalina.core.StandardEngine - Starting Servlet engine: [Apache Tomcat/9.0.41]
2022-04-02 12:08:10.989 [main] INFO  o.a.c.core.ContainerBase.[Tomcat].[localhost].[/] - Initializing Spring embedded WebApplicationContext
2022-04-02 12:08:10.989 [main] INFO  o.s.b.w.s.c.ServletWebServerApplicationContext - Root WebApplicationContext: initialization completed in 2141 ms
2022-04-02 12:08:11.271 [main] INFO  com.sjq.edu.config.redis.RedisConfig - RedisTemplate实例化成功！
2022-04-02 12:08:11.329 [main] INFO  com.sjq.edu.config.redis.RedisConfig - RedisUtil注入成功！
2022-04-02 12:08:11.411 [main] INFO  c.a.d.s.b.a.DruidDataSourceAutoConfigure - Init DruidDataSource
2022-04-02 12:08:11.513 [main] INFO  com.alibaba.druid.pool.DruidDataSource - {dataSource-1} inited
2022-04-02 12:08:12.741 [main] INFO  o.s.b.actuate.endpoint.web.EndpointLinksResolver - Exposing 2 endpoint(s) beneath base path '/actuator'
2022-04-02 12:08:12.793 [main] INFO  s.d.s.w.PropertySourcedRequestMappingHandlerMapping - Mapped URL path [/v2/api-docs] onto method [springfox.documentation.swagger2.web.Swagger2Controller#getDocumentation(String, HttpServletRequest)]
2022-04-02 12:08:12.867 [main] INFO  o.s.scheduling.concurrent.ThreadPoolTaskExecutor - Initializing ExecutorService 'applicationTaskExecutor'
2022-04-02 12:08:13.295 [main] INFO  org.apache.coyote.http11.Http11NioProtocol - Starting ProtocolHandler ["http-nio-8001"]
2022-04-02 12:08:13.313 [main] INFO  o.s.boot.web.embedded.tomcat.TomcatWebServer - Tomcat started on port(s): 8001 (http) with context path ''
2022-04-02 12:08:13.314 [main] INFO  s.d.s.web.plugins.DocumentationPluginsBootstrapper - Context refreshed
2022-04-02 12:08:13.333 [main] INFO  s.d.s.web.plugins.DocumentationPluginsBootstrapper - Found 1 custom documentation plugin(s)
2022-04-02 12:08:13.369 [main] INFO  s.d.spring.web.scanners.ApiListingReferenceScanner - Scanning for api listing references
2022-04-02 12:08:13.528 [main] INFO  s.d.s.w.r.operation.CachingOperationNameGenerator - Generating unique operation named: handleUsingGET_1
2022-04-02 12:08:13.531 [main] INFO  s.d.s.w.r.operation.CachingOperationNameGenerator - Generating unique operation named: handleUsingGET_2
2022-04-02 12:08:13.561 [main] INFO  com.sjq.edu.EduTeacherApplication - Started EduTeacherApplication in 5.248 seconds (JVM running for 6.412)
2022-04-02 12:08:14.040 [RMI TCP Connection(1)-192.168.72.1] INFO  o.a.c.core.ContainerBase.[Tomcat].[localhost].[/] - Initializing Spring DispatcherServlet 'dispatcherServlet'
2022-04-02 12:08:14.040 [RMI TCP Connection(1)-192.168.72.1] INFO  org.springframework.web.servlet.DispatcherServlet - Initializing Servlet 'dispatcherServlet'
2022-04-02 12:08:14.042 [RMI TCP Connection(1)-192.168.72.1] INFO  org.springframework.web.servlet.DispatcherServlet - Completed initialization in 1 ms
2022-04-02 13:37:06.117 [SpringContextShutdownHook] INFO  o.s.scheduling.concurrent.ThreadPoolTaskExecutor - Shutting down ExecutorService 'applicationTaskExecutor'
2022-04-02 13:37:06.123 [SpringContextShutdownHook] INFO  com.alibaba.druid.pool.DruidDataSource - {dataSource-1} closing ...
2022-04-02 13:37:06.127 [SpringContextShutdownHook] INFO  com.alibaba.druid.pool.DruidDataSource - {dataSource-1} closed
2022-04-02 13:37:08.699 [main] INFO  com.sjq.edu.EduTeacherApplication - Starting EduTeacherApplication using Java 1.8.0_261 on LAPTOP-4COONQEM with PID 20436 (D:\IDEA\ideaproject\mall\service\service-edu\target\classes started by Kemp in D:\IDEA\ideaproject\mall)
2022-04-02 13:37:08.703 [main] INFO  com.sjq.edu.EduTeacherApplication - The following profiles are active: dev
2022-04-02 13:37:09.662 [main] INFO  o.s.d.r.config.RepositoryConfigurationDelegate - Multiple Spring Data modules found, entering strict repository configuration mode!
2022-04-02 13:37:09.664 [main] INFO  o.s.d.r.config.RepositoryConfigurationDelegate - Bootstrapping Spring Data Redis repositories in DEFAULT mode.
2022-04-02 13:37:09.691 [main] INFO  o.s.d.r.config.RepositoryConfigurationDelegate - Finished Spring Data repository scanning in 13 ms. Found 0 Redis repository interfaces.
2022-04-02 13:37:10.158 [main] INFO  o.s.boot.web.embedded.tomcat.TomcatWebServer - Tomcat initialized with port(s): 8001 (http)
2022-04-02 13:37:10.166 [main] INFO  org.apache.coyote.http11.Http11NioProtocol - Initializing ProtocolHandler ["http-nio-8001"]
2022-04-02 13:37:10.167 [main] INFO  org.apache.catalina.core.StandardService - Starting service [Tomcat]
2022-04-02 13:37:10.167 [main] INFO  org.apache.catalina.core.StandardEngine - Starting Servlet engine: [Apache Tomcat/9.0.41]
2022-04-02 13:37:10.261 [main] INFO  o.a.c.core.ContainerBase.[Tomcat].[localhost].[/] - Initializing Spring embedded WebApplicationContext
2022-04-02 13:37:10.261 [main] INFO  o.s.b.w.s.c.ServletWebServerApplicationContext - Root WebApplicationContext: initialization completed in 1523 ms
2022-04-02 13:37:10.456 [main] INFO  com.sjq.edu.config.redis.RedisConfig - RedisTemplate实例化成功！
2022-04-02 13:37:10.555 [main] INFO  com.sjq.edu.config.redis.RedisConfig - RedisUtil注入成功！
2022-04-02 13:37:10.631 [main] INFO  c.a.d.s.b.a.DruidDataSourceAutoConfigure - Init DruidDataSource
2022-04-02 13:37:10.705 [main] INFO  com.alibaba.druid.pool.DruidDataSource - {dataSource-1} inited
2022-04-02 13:37:11.831 [main] INFO  o.s.b.actuate.endpoint.web.EndpointLinksResolver - Exposing 2 endpoint(s) beneath base path '/actuator'
2022-04-02 13:37:11.876 [main] INFO  s.d.s.w.PropertySourcedRequestMappingHandlerMapping - Mapped URL path [/v2/api-docs] onto method [springfox.documentation.swagger2.web.Swagger2Controller#getDocumentation(String, HttpServletRequest)]
2022-04-02 13:37:11.950 [main] INFO  o.s.scheduling.concurrent.ThreadPoolTaskExecutor - Initializing ExecutorService 'applicationTaskExecutor'
2022-04-02 13:37:12.342 [main] INFO  org.apache.coyote.http11.Http11NioProtocol - Starting ProtocolHandler ["http-nio-8001"]
2022-04-02 13:37:12.365 [main] INFO  o.s.boot.web.embedded.tomcat.TomcatWebServer - Tomcat started on port(s): 8001 (http) with context path ''
2022-04-02 13:37:12.367 [main] INFO  s.d.s.web.plugins.DocumentationPluginsBootstrapper - Context refreshed
2022-04-02 13:37:12.404 [main] INFO  s.d.s.web.plugins.DocumentationPluginsBootstrapper - Found 1 custom documentation plugin(s)
2022-04-02 13:37:12.498 [main] INFO  s.d.spring.web.scanners.ApiListingReferenceScanner - Scanning for api listing references
2022-04-02 13:37:12.721 [main] INFO  s.d.s.w.r.operation.CachingOperationNameGenerator - Generating unique operation named: handleUsingGET_1
2022-04-02 13:37:12.723 [main] INFO  s.d.s.w.r.operation.CachingOperationNameGenerator - Generating unique operation named: handleUsingGET_2
2022-04-02 13:37:12.750 [main] INFO  com.sjq.edu.EduTeacherApplication - Started EduTeacherApplication in 4.703 seconds (JVM running for 5.886)
2022-04-02 13:37:13.512 [RMI TCP Connection(2)-192.168.72.1] INFO  o.a.c.core.ContainerBase.[Tomcat].[localhost].[/] - Initializing Spring DispatcherServlet 'dispatcherServlet'
2022-04-02 13:37:13.513 [RMI TCP Connection(2)-192.168.72.1] INFO  org.springframework.web.servlet.DispatcherServlet - Initializing Servlet 'dispatcherServlet'
2022-04-02 13:37:13.515 [RMI TCP Connection(2)-192.168.72.1] INFO  org.springframework.web.servlet.DispatcherServlet - Completed initialization in 2 ms
2022-04-02 14:16:05.018 [SpringContextShutdownHook] INFO  o.s.scheduling.concurrent.ThreadPoolTaskExecutor - Shutting down ExecutorService 'applicationTaskExecutor'
2022-04-02 14:16:05.023 [SpringContextShutdownHook] INFO  com.alibaba.druid.pool.DruidDataSource - {dataSource-1} closing ...
2022-04-02 14:16:05.025 [SpringContextShutdownHook] INFO  com.alibaba.druid.pool.DruidDataSource - {dataSource-1} closed
