2022-02-22 12:41:23.850 [main] INFO  c.s.eduteacher.EduTeacherApplication -Starting EduTeacherApplication using Java 1.8.0_261 on LAPTOP-4COONQEM with PID 3872 (D:\IDEA\ideaproject\mall\service\service-edu\target\classes started by Kemp in D:\IDEA\ideaproject\mall)
2022-02-22 12:41:23.855 [main] INFO  c.s.eduteacher.EduTeacherApplication -The following profiles are active: dev
2022-02-22 12:41:24.567 [main] WARN  o.s.b.w.s.c.AnnotationConfigServletWebServerApplicationContext -Exception encountered during context initialization - cancelling refresh attempt: org.springframework.beans.factory.support.BeanDefinitionOverrideException: Invalid bean definition with name 'redisUtil' defined in class path resource [com/sjq/eduteacher/config/redis/RedisConfig.class]: Cannot register bean definition [Root bean: class [null]; scope=; abstract=false; lazyInit=null; autowireMode=3; dependencyCheck=0; autowireCandidate=true; primary=false; factoryBeanName=redisConfig; factoryMethodName=redisUtil; initMethodName=null; destroyMethodName=(inferred); defined in class path resource [com/sjq/eduteacher/config/redis/RedisConfig.class]] for bean 'redisUtil': There is already [Generic bean: class [com.sjq.eduteacher.config.redis.RedisUtil]; scope=singleton; abstract=false; lazyInit=null; autowireMode=0; dependencyCheck=0; autowireCandidate=true; primary=false; factoryBeanName=null; factoryMethodName=null; initMethodName=null; destroyMethodName=null; defined in file [D:\IDEA\ideaproject\mall\service\service-edu\target\classes\com\sjq\eduteacher\config\redis\RedisUtil.class]] bound.
2022-02-22 12:41:24.576 [main] INFO  o.s.b.a.l.ConditionEvaluationReportLoggingListener -

Error starting ApplicationContext. To display the conditions report re-run your application with 'debug' enabled.
2022-02-22 12:41:24.587 [main] ERROR o.s.b.d.LoggingFailureAnalysisReporter -

***************************
APPLICATION FAILED TO START
***************************

Description:

The bean 'redisUtil', defined in class path resource [com/sjq/eduteacher/config/redis/RedisConfig.class], could not be registered. A bean with that name has already been defined in file [D:\IDEA\ideaproject\mall\service\service-edu\target\classes\com\sjq\eduteacher\config\redis\RedisUtil.class] and overriding is disabled.

Action:

Consider renaming one of the beans or enabling overriding by setting spring.main.allow-bean-definition-overriding=true

2022-02-22 12:42:20.345 [main] INFO  c.s.eduteacher.EduTeacherApplication -Starting EduTeacherApplication using Java 1.8.0_261 on LAPTOP-4COONQEM with PID 10560 (D:\IDEA\ideaproject\mall\service\service-edu\target\classes started by Kemp in D:\IDEA\ideaproject\mall)
2022-02-22 12:42:20.347 [main] INFO  c.s.eduteacher.EduTeacherApplication -The following profiles are active: dev
2022-02-22 12:42:20.941 [main] WARN  o.s.b.w.s.c.AnnotationConfigServletWebServerApplicationContext -Exception encountered during context initialization - cancelling refresh attempt: org.springframework.beans.factory.support.BeanDefinitionOverrideException: Invalid bean definition with name 'redisUtil' defined in class path resource [com/sjq/eduteacher/config/redis/RedisConfig.class]: Cannot register bean definition [Root bean: class [null]; scope=; abstract=false; lazyInit=null; autowireMode=3; dependencyCheck=0; autowireCandidate=true; primary=false; factoryBeanName=redisConfig; factoryMethodName=redisUtil; initMethodName=null; destroyMethodName=(inferred); defined in class path resource [com/sjq/eduteacher/config/redis/RedisConfig.class]] for bean 'redisUtil': There is already [Generic bean: class [com.sjq.eduteacher.config.redis.RedisUtil]; scope=singleton; abstract=false; lazyInit=null; autowireMode=0; dependencyCheck=0; autowireCandidate=true; primary=false; factoryBeanName=null; factoryMethodName=null; initMethodName=null; destroyMethodName=null; defined in file [D:\IDEA\ideaproject\mall\service\service-edu\target\classes\com\sjq\eduteacher\config\redis\RedisUtil.class]] bound.
2022-02-22 12:42:20.950 [main] INFO  o.s.b.a.l.ConditionEvaluationReportLoggingListener -

Error starting ApplicationContext. To display the conditions report re-run your application with 'debug' enabled.
2022-02-22 12:42:20.962 [main] ERROR o.s.b.d.LoggingFailureAnalysisReporter -

***************************
APPLICATION FAILED TO START
***************************

Description:

The bean 'redisUtil', defined in class path resource [com/sjq/eduteacher/config/redis/RedisConfig.class], could not be registered. A bean with that name has already been defined in file [D:\IDEA\ideaproject\mall\service\service-edu\target\classes\com\sjq\eduteacher\config\redis\RedisUtil.class] and overriding is disabled.

Action:

Consider renaming one of the beans or enabling overriding by setting spring.main.allow-bean-definition-overriding=true

2022-02-22 12:43:22.700 [main] INFO  c.s.eduteacher.EduTeacherApplication -Starting EduTeacherApplication using Java 1.8.0_261 on LAPTOP-4COONQEM with PID 12324 (D:\IDEA\ideaproject\mall\service\service-edu\target\classes started by Kemp in D:\IDEA\ideaproject\mall)
2022-02-22 12:43:22.703 [main] INFO  c.s.eduteacher.EduTeacherApplication -The following profiles are active: dev
2022-02-22 12:43:23.566 [main] WARN  o.s.b.w.s.c.AnnotationConfigServletWebServerApplicationContext -Exception encountered during context initialization - cancelling refresh attempt: org.springframework.beans.factory.support.BeanDefinitionOverrideException: Invalid bean definition with name 'redisUtil' defined in class path resource [com/sjq/eduteacher/config/redis/RedisConfig.class]: Cannot register bean definition [Root bean: class [null]; scope=; abstract=false; lazyInit=null; autowireMode=3; dependencyCheck=0; autowireCandidate=true; primary=false; factoryBeanName=redisConfig; factoryMethodName=redisUtil; initMethodName=null; destroyMethodName=(inferred); defined in class path resource [com/sjq/eduteacher/config/redis/RedisConfig.class]] for bean 'redisUtil': There is already [Generic bean: class [com.sjq.eduteacher.config.redis.RedisUtil]; scope=singleton; abstract=false; lazyInit=null; autowireMode=0; dependencyCheck=0; autowireCandidate=true; primary=false; factoryBeanName=null; factoryMethodName=null; initMethodName=null; destroyMethodName=null; defined in file [D:\IDEA\ideaproject\mall\service\service-edu\target\classes\com\sjq\eduteacher\config\redis\RedisUtil.class]] bound.
2022-02-22 12:43:23.577 [main] INFO  o.s.b.a.l.ConditionEvaluationReportLoggingListener -

Error starting ApplicationContext. To display the conditions report re-run your application with 'debug' enabled.
2022-02-22 12:43:23.588 [main] ERROR o.s.b.d.LoggingFailureAnalysisReporter -

***************************
APPLICATION FAILED TO START
***************************

Description:

The bean 'redisUtil', defined in class path resource [com/sjq/eduteacher/config/redis/RedisConfig.class], could not be registered. A bean with that name has already been defined in file [D:\IDEA\ideaproject\mall\service\service-edu\target\classes\com\sjq\eduteacher\config\redis\RedisUtil.class] and overriding is disabled.

Action:

Consider renaming one of the beans or enabling overriding by setting spring.main.allow-bean-definition-overriding=true

2022-02-22 12:43:51.373 [main] INFO  c.s.eduteacher.EduTeacherApplication -Starting EduTeacherApplication using Java 1.8.0_261 on LAPTOP-4COONQEM with PID 5960 (D:\IDEA\ideaproject\mall\service\service-edu\target\classes started by Kemp in D:\IDEA\ideaproject\mall)
2022-02-22 12:43:51.375 [main] INFO  c.s.eduteacher.EduTeacherApplication -The following profiles are active: dev
2022-02-22 12:43:52.479 [main] INFO  o.s.d.r.c.RepositoryConfigurationDelegate -Multiple Spring Data modules found, entering strict repository configuration mode!
2022-02-22 12:43:52.482 [main] INFO  o.s.d.r.c.RepositoryConfigurationDelegate -Bootstrapping Spring Data Redis repositories in DEFAULT mode.
2022-02-22 12:43:52.506 [main] INFO  o.s.d.r.c.RepositoryConfigurationDelegate -Finished Spring Data repository scanning in 10 ms. Found 0 Redis repository interfaces.
2022-02-22 12:43:52.635 [main] WARN  o.m.s.mapper.ClassPathMapperScanner -No MyBatis mapper was found in '[com.sjq.edu.mapper]' package. Please check your configuration.
2022-02-22 12:43:53.043 [main] INFO  o.s.b.w.e.tomcat.TomcatWebServer -Tomcat initialized with port(s): 8001 (http)
2022-02-22 12:43:53.050 [main] INFO  o.a.catalina.core.StandardService -Starting service [Tomcat]
2022-02-22 12:43:53.051 [main] INFO  o.a.catalina.core.StandardEngine -Starting Servlet engine: [Apache Tomcat/9.0.41]
2022-02-22 12:43:53.135 [main] INFO  o.a.c.c.C.[Tomcat].[localhost].[/] -Initializing Spring embedded WebApplicationContext
2022-02-22 12:43:53.135 [main] INFO  o.s.b.w.s.c.ServletWebServerApplicationContext -Root WebApplicationContext: initialization completed in 1713 ms
2022-02-22 12:43:53.293 [main] WARN  o.s.b.w.s.c.AnnotationConfigServletWebServerApplicationContext -Exception encountered during context initialization - cancelling refresh attempt: org.springframework.beans.factory.UnsatisfiedDependencyException: Error creating bean with name 'redisUtil': Unsatisfied dependency expressed through field 'redisTemplate'; nested exception is org.springframework.beans.factory.NoSuchBeanDefinitionException: No qualifying bean of type 'com.sjq.eduteacher.config.redis.RedisTemplate' available: expected at least 1 bean which qualifies as autowire candidate. Dependency annotations: {@org.springframework.beans.factory.annotation.Autowired(required=true)}
2022-02-22 12:43:53.296 [main] INFO  o.a.catalina.core.StandardService -Stopping service [Tomcat]
2022-02-22 12:43:53.330 [main] INFO  o.s.b.a.l.ConditionEvaluationReportLoggingListener -

Error starting ApplicationContext. To display the conditions report re-run your application with 'debug' enabled.
2022-02-22 12:43:53.352 [main] ERROR o.s.b.d.LoggingFailureAnalysisReporter -

***************************
APPLICATION FAILED TO START
***************************

Description:

Field redisTemplate in com.sjq.eduteacher.config.redis.RedisUtil required a bean of type 'com.sjq.eduteacher.config.redis.RedisTemplate' that could not be found.

The injection point has the following annotations:
	- @org.springframework.beans.factory.annotation.Autowired(required=true)


Action:

Consider defining a bean of type 'com.sjq.eduteacher.config.redis.RedisTemplate' in your configuration.

2022-02-22 12:44:46.751 [main] INFO  c.s.eduteacher.EduTeacherApplication -Starting EduTeacherApplication using Java 1.8.0_261 on LAPTOP-4COONQEM with PID 15296 (D:\IDEA\ideaproject\mall\service\service-edu\target\classes started by Kemp in D:\IDEA\ideaproject\mall)
2022-02-22 12:44:46.753 [main] INFO  c.s.eduteacher.EduTeacherApplication -The following profiles are active: dev
2022-02-22 12:44:47.279 [main] WARN  o.s.b.w.s.c.AnnotationConfigServletWebServerApplicationContext -Exception encountered during context initialization - cancelling refresh attempt: org.springframework.beans.factory.support.BeanDefinitionOverrideException: Invalid bean definition with name 'redisUtil' defined in class path resource [com/sjq/eduteacher/config/redis/RedisConfig.class]: Cannot register bean definition [Root bean: class [null]; scope=; abstract=false; lazyInit=null; autowireMode=3; dependencyCheck=0; autowireCandidate=true; primary=false; factoryBeanName=redisConfig; factoryMethodName=redisUtil; initMethodName=null; destroyMethodName=(inferred); defined in class path resource [com/sjq/eduteacher/config/redis/RedisConfig.class]] for bean 'redisUtil': There is already [Generic bean: class [com.sjq.eduteacher.config.redis.RedisUtil]; scope=singleton; abstract=false; lazyInit=null; autowireMode=0; dependencyCheck=0; autowireCandidate=true; primary=false; factoryBeanName=null; factoryMethodName=null; initMethodName=null; destroyMethodName=null; defined in file [D:\IDEA\ideaproject\mall\service\service-edu\target\classes\com\sjq\eduteacher\config\redis\RedisUtil.class]] bound.
2022-02-22 12:44:47.287 [main] INFO  o.s.b.a.l.ConditionEvaluationReportLoggingListener -

Error starting ApplicationContext. To display the conditions report re-run your application with 'debug' enabled.
2022-02-22 12:44:47.297 [main] ERROR o.s.b.d.LoggingFailureAnalysisReporter -

***************************
APPLICATION FAILED TO START
***************************

Description:

The bean 'redisUtil', defined in class path resource [com/sjq/eduteacher/config/redis/RedisConfig.class], could not be registered. A bean with that name has already been defined in file [D:\IDEA\ideaproject\mall\service\service-edu\target\classes\com\sjq\eduteacher\config\redis\RedisUtil.class] and overriding is disabled.

Action:

Consider renaming one of the beans or enabling overriding by setting spring.main.allow-bean-definition-overriding=true

2022-02-22 12:46:27.521 [main] INFO  c.s.eduteacher.EduTeacherApplication -Starting EduTeacherApplication using Java 1.8.0_261 on LAPTOP-4COONQEM with PID 10336 (D:\IDEA\ideaproject\mall\service\service-edu\target\classes started by Kemp in D:\IDEA\ideaproject\mall)
2022-02-22 12:46:27.523 [main] INFO  c.s.eduteacher.EduTeacherApplication -The following profiles are active: dev
2022-02-22 12:46:28.200 [main] WARN  o.s.b.w.s.c.AnnotationConfigServletWebServerApplicationContext -Exception encountered during context initialization - cancelling refresh attempt: org.springframework.beans.factory.support.BeanDefinitionOverrideException: Invalid bean definition with name 'redisUtil' defined in class path resource [com/sjq/eduteacher/config/redis/RedisConfig.class]: Cannot register bean definition [Root bean: class [null]; scope=; abstract=false; lazyInit=null; autowireMode=3; dependencyCheck=0; autowireCandidate=true; primary=false; factoryBeanName=redisConfig; factoryMethodName=redisUtil; initMethodName=null; destroyMethodName=(inferred); defined in class path resource [com/sjq/eduteacher/config/redis/RedisConfig.class]] for bean 'redisUtil': There is already [Generic bean: class [com.sjq.eduteacher.config.redis.RedisUtil]; scope=singleton; abstract=false; lazyInit=null; autowireMode=0; dependencyCheck=0; autowireCandidate=true; primary=false; factoryBeanName=null; factoryMethodName=null; initMethodName=null; destroyMethodName=null; defined in file [D:\IDEA\ideaproject\mall\service\service-edu\target\classes\com\sjq\eduteacher\config\redis\RedisUtil.class]] bound.
2022-02-22 12:46:28.208 [main] INFO  o.s.b.a.l.ConditionEvaluationReportLoggingListener -

Error starting ApplicationContext. To display the conditions report re-run your application with 'debug' enabled.
2022-02-22 12:46:28.217 [main] ERROR o.s.b.d.LoggingFailureAnalysisReporter -

***************************
APPLICATION FAILED TO START
***************************

Description:

The bean 'redisUtil', defined in class path resource [com/sjq/eduteacher/config/redis/RedisConfig.class], could not be registered. A bean with that name has already been defined in file [D:\IDEA\ideaproject\mall\service\service-edu\target\classes\com\sjq\eduteacher\config\redis\RedisUtil.class] and overriding is disabled.

Action:

Consider renaming one of the beans or enabling overriding by setting spring.main.allow-bean-definition-overriding=true

2022-02-22 12:48:07.165 [main] INFO  c.s.eduteacher.EduTeacherApplication -Starting EduTeacherApplication using Java 1.8.0_261 on LAPTOP-4COONQEM with PID 13940 (D:\IDEA\ideaproject\mall\service\service-edu\target\classes started by Kemp in D:\IDEA\ideaproject\mall)
2022-02-22 12:48:07.167 [main] INFO  c.s.eduteacher.EduTeacherApplication -The following profiles are active: dev
2022-02-22 12:48:08.059 [main] INFO  o.s.d.r.c.RepositoryConfigurationDelegate -Multiple Spring Data modules found, entering strict repository configuration mode!
2022-02-22 12:48:08.062 [main] INFO  o.s.d.r.c.RepositoryConfigurationDelegate -Bootstrapping Spring Data Redis repositories in DEFAULT mode.
2022-02-22 12:48:08.106 [main] INFO  o.s.d.r.c.RepositoryConfigurationDelegate -Finished Spring Data repository scanning in 25 ms. Found 0 Redis repository interfaces.
2022-02-22 12:48:08.205 [main] WARN  o.m.s.mapper.ClassPathMapperScanner -No MyBatis mapper was found in '[com.sjq.edu.mapper]' package. Please check your configuration.
2022-02-22 12:48:08.504 [main] INFO  o.s.b.w.e.tomcat.TomcatWebServer -Tomcat initialized with port(s): 8001 (http)
2022-02-22 12:48:08.511 [main] INFO  o.a.catalina.core.StandardService -Starting service [Tomcat]
2022-02-22 12:48:08.512 [main] INFO  o.a.catalina.core.StandardEngine -Starting Servlet engine: [Apache Tomcat/9.0.41]
2022-02-22 12:48:08.604 [main] INFO  o.a.c.c.C.[Tomcat].[localhost].[/] -Initializing Spring embedded WebApplicationContext
2022-02-22 12:48:08.605 [main] INFO  o.s.b.w.s.c.ServletWebServerApplicationContext -Root WebApplicationContext: initialization completed in 1407 ms
2022-02-22 12:48:08.836 [main] INFO  c.s.e.config.redis.RedisConfig -RedisTemplate实例化成功！
2022-02-22 12:48:09.017 [main] INFO  c.s.e.config.redis.RedisConfig -RedisUtil注入成功！
2022-02-22 12:48:09.360 [main] INFO  c.a.d.s.b.a.DruidDataSourceAutoConfigure -Init DruidDataSource
2022-02-22 12:48:09.431 [main] INFO  c.alibaba.druid.pool.DruidDataSource -{dataSource-1} inited
2022-02-22 12:48:09.491 [main] INFO  o.s.b.a.e.web.EndpointLinksResolver -Exposing 2 endpoint(s) beneath base path '/actuator'
2022-02-22 12:48:09.541 [main] INFO  s.d.s.w.PropertySourcedRequestMappingHandlerMapping -Mapped URL path [/v2/api-docs] onto method [springfox.documentation.swagger2.web.Swagger2Controller#getDocumentation(String, HttpServletRequest)]
2022-02-22 12:48:09.616 [main] INFO  o.s.s.c.ThreadPoolTaskExecutor -Initializing ExecutorService 'applicationTaskExecutor'
2022-02-22 12:48:10.561 [main] INFO  o.s.b.w.e.tomcat.TomcatWebServer -Tomcat started on port(s): 8001 (http) with context path ''
2022-02-22 12:48:10.562 [main] INFO  s.d.s.w.p.DocumentationPluginsBootstrapper -Context refreshed
2022-02-22 12:48:10.576 [main] INFO  s.d.s.w.p.DocumentationPluginsBootstrapper -Found 1 custom documentation plugin(s)
2022-02-22 12:48:10.602 [main] INFO  s.d.s.w.s.ApiListingReferenceScanner -Scanning for api listing references
2022-02-22 12:48:10.648 [main] INFO  s.d.s.w.r.o.CachingOperationNameGenerator -Generating unique operation named: handleUsingGET_1
2022-02-22 12:48:10.651 [main] INFO  s.d.s.w.r.o.CachingOperationNameGenerator -Generating unique operation named: handleUsingGET_2
2022-02-22 12:48:10.703 [main] INFO  c.s.eduteacher.EduTeacherApplication -Started EduTeacherApplication in 3.98 seconds (JVM running for 4.975)
2022-02-22 12:48:11.223 [RMI TCP Connection(2)-192.168.72.1] INFO  o.a.c.c.C.[Tomcat].[localhost].[/] -Initializing Spring DispatcherServlet 'dispatcherServlet'
2022-02-22 12:48:11.224 [RMI TCP Connection(2)-192.168.72.1] INFO  o.s.web.servlet.DispatcherServlet -Initializing Servlet 'dispatcherServlet'
2022-02-22 12:48:11.226 [RMI TCP Connection(2)-192.168.72.1] INFO  o.s.web.servlet.DispatcherServlet -Completed initialization in 1 ms
2022-02-22 12:49:22.743 [SpringContextShutdownHook] INFO  o.s.s.c.ThreadPoolTaskExecutor -Shutting down ExecutorService 'applicationTaskExecutor'
2022-02-22 12:49:22.744 [SpringContextShutdownHook] INFO  c.alibaba.druid.pool.DruidDataSource -{dataSource-1} closing ...
2022-02-22 12:49:22.747 [SpringContextShutdownHook] INFO  c.alibaba.druid.pool.DruidDataSource -{dataSource-1} closed
2022-02-22 13:12:26.067 [main] INFO  c.s.eduteacher.EduTeacherApplication -Starting EduTeacherApplication using Java 1.8.0_261 on LAPTOP-4COONQEM with PID 15444 (D:\IDEA\ideaproject\mall\service\service-edu\target\classes started by Kemp in D:\IDEA\ideaproject\mall)
2022-02-22 13:12:26.069 [main] INFO  c.s.eduteacher.EduTeacherApplication -The following profiles are active: dev
2022-02-22 13:12:27.046 [main] INFO  o.s.d.r.c.RepositoryConfigurationDelegate -Multiple Spring Data modules found, entering strict repository configuration mode!
2022-02-22 13:12:27.048 [main] INFO  o.s.d.r.c.RepositoryConfigurationDelegate -Bootstrapping Spring Data Redis repositories in DEFAULT mode.
2022-02-22 13:12:27.080 [main] INFO  o.s.d.r.c.RepositoryConfigurationDelegate -Finished Spring Data repository scanning in 21 ms. Found 0 Redis repository interfaces.
2022-02-22 13:12:27.172 [main] WARN  o.m.s.mapper.ClassPathMapperScanner -No MyBatis mapper was found in '[com.sjq.edu.mapper]' package. Please check your configuration.
2022-02-22 13:12:27.437 [main] INFO  o.s.b.w.e.tomcat.TomcatWebServer -Tomcat initialized with port(s): 8001 (http)
2022-02-22 13:12:27.444 [main] INFO  o.a.catalina.core.StandardService -Starting service [Tomcat]
2022-02-22 13:12:27.444 [main] INFO  o.a.catalina.core.StandardEngine -Starting Servlet engine: [Apache Tomcat/9.0.41]
2022-02-22 13:12:27.515 [main] INFO  o.a.c.c.C.[Tomcat].[localhost].[/] -Initializing Spring embedded WebApplicationContext
2022-02-22 13:12:27.515 [main] INFO  o.s.b.w.s.c.ServletWebServerApplicationContext -Root WebApplicationContext: initialization completed in 1398 ms
2022-02-22 13:12:27.684 [main] INFO  c.s.e.config.redis.RedisConfig -RedisTemplate实例化成功！
2022-02-22 13:12:27.784 [main] INFO  c.s.e.config.redis.RedisConfig -RedisUtil注入成功！
2022-02-22 13:12:28.001 [main] INFO  c.a.d.s.b.a.DruidDataSourceAutoConfigure -Init DruidDataSource
2022-02-22 13:12:28.070 [main] INFO  c.alibaba.druid.pool.DruidDataSource -{dataSource-1} inited
2022-02-22 13:12:28.126 [main] INFO  o.s.b.a.e.web.EndpointLinksResolver -Exposing 2 endpoint(s) beneath base path '/actuator'
2022-02-22 13:12:28.184 [main] INFO  s.d.s.w.PropertySourcedRequestMappingHandlerMapping -Mapped URL path [/v2/api-docs] onto method [springfox.documentation.swagger2.web.Swagger2Controller#getDocumentation(String, HttpServletRequest)]
2022-02-22 13:12:28.276 [main] INFO  o.s.s.c.ThreadPoolTaskExecutor -Initializing ExecutorService 'applicationTaskExecutor'
2022-02-22 13:12:29.245 [main] INFO  o.s.b.w.e.tomcat.TomcatWebServer -Tomcat started on port(s): 8001 (http) with context path ''
2022-02-22 13:12:29.246 [main] INFO  s.d.s.w.p.DocumentationPluginsBootstrapper -Context refreshed
2022-02-22 13:12:29.257 [main] INFO  s.d.s.w.p.DocumentationPluginsBootstrapper -Found 1 custom documentation plugin(s)
2022-02-22 13:12:29.284 [main] INFO  s.d.s.w.s.ApiListingReferenceScanner -Scanning for api listing references
2022-02-22 13:12:29.330 [main] INFO  s.d.s.w.r.o.CachingOperationNameGenerator -Generating unique operation named: handleUsingGET_1
2022-02-22 13:12:29.332 [main] INFO  s.d.s.w.r.o.CachingOperationNameGenerator -Generating unique operation named: handleUsingGET_2
2022-02-22 13:12:29.381 [main] INFO  c.s.eduteacher.EduTeacherApplication -Started EduTeacherApplication in 3.891 seconds (JVM running for 4.836)
2022-02-22 13:12:30.250 [RMI TCP Connection(8)-192.168.72.1] INFO  o.a.c.c.C.[Tomcat].[localhost].[/] -Initializing Spring DispatcherServlet 'dispatcherServlet'
2022-02-22 13:12:30.250 [RMI TCP Connection(8)-192.168.72.1] INFO  o.s.web.servlet.DispatcherServlet -Initializing Servlet 'dispatcherServlet'
2022-02-22 13:12:30.251 [RMI TCP Connection(8)-192.168.72.1] INFO  o.s.web.servlet.DispatcherServlet -Completed initialization in 1 ms
2022-02-22 13:13:55.177 [main] INFO  c.s.eduteacher.EduTeacherApplication -Starting EduTeacherApplication using Java 1.8.0_261 on LAPTOP-4COONQEM with PID 2548 (D:\IDEA\ideaproject\mall\service\service-edu\target\classes started by Kemp in D:\IDEA\ideaproject\mall)
2022-02-22 13:13:55.179 [main] INFO  c.s.eduteacher.EduTeacherApplication -The following profiles are active: dev
2022-02-22 13:13:56.242 [main] INFO  o.s.d.r.c.RepositoryConfigurationDelegate -Multiple Spring Data modules found, entering strict repository configuration mode!
2022-02-22 13:13:56.244 [main] INFO  o.s.d.r.c.RepositoryConfigurationDelegate -Bootstrapping Spring Data Redis repositories in DEFAULT mode.
2022-02-22 13:13:56.277 [main] INFO  o.s.d.r.c.RepositoryConfigurationDelegate -Finished Spring Data repository scanning in 17 ms. Found 0 Redis repository interfaces.
2022-02-22 13:13:56.388 [main] WARN  o.m.s.mapper.ClassPathMapperScanner -No MyBatis mapper was found in '[com.sjq.edu.mapper]' package. Please check your configuration.
2022-02-22 13:13:56.719 [main] INFO  o.s.b.w.e.tomcat.TomcatWebServer -Tomcat initialized with port(s): 8001 (http)
2022-02-22 13:13:56.726 [main] INFO  o.a.catalina.core.StandardService -Starting service [Tomcat]
2022-02-22 13:13:56.727 [main] INFO  o.a.catalina.core.StandardEngine -Starting Servlet engine: [Apache Tomcat/9.0.41]
2022-02-22 13:13:56.803 [main] INFO  o.a.c.c.C.[Tomcat].[localhost].[/] -Initializing Spring embedded WebApplicationContext
2022-02-22 13:13:56.803 [main] INFO  o.s.b.w.s.c.ServletWebServerApplicationContext -Root WebApplicationContext: initialization completed in 1586 ms
2022-02-22 13:13:57.032 [main] INFO  c.s.e.config.redis.RedisConfig -RedisTemplate实例化成功！
2022-02-22 13:13:57.090 [main] INFO  c.s.e.config.redis.RedisConfig -RedisUtil注入成功！
2022-02-22 13:13:57.312 [main] INFO  c.a.d.s.b.a.DruidDataSourceAutoConfigure -Init DruidDataSource
2022-02-22 13:13:57.387 [main] INFO  c.alibaba.druid.pool.DruidDataSource -{dataSource-1} inited
2022-02-22 13:13:57.452 [main] INFO  o.s.b.a.e.web.EndpointLinksResolver -Exposing 2 endpoint(s) beneath base path '/actuator'
2022-02-22 13:13:57.502 [main] INFO  s.d.s.w.PropertySourcedRequestMappingHandlerMapping -Mapped URL path [/v2/api-docs] onto method [springfox.documentation.swagger2.web.Swagger2Controller#getDocumentation(String, HttpServletRequest)]
2022-02-22 13:13:57.608 [main] INFO  o.s.s.c.ThreadPoolTaskExecutor -Initializing ExecutorService 'applicationTaskExecutor'
2022-02-22 13:13:58.854 [main] INFO  o.s.b.w.e.tomcat.TomcatWebServer -Tomcat started on port(s): 8001 (http) with context path ''
2022-02-22 13:13:58.855 [main] INFO  s.d.s.w.p.DocumentationPluginsBootstrapper -Context refreshed
2022-02-22 13:13:58.868 [main] INFO  s.d.s.w.p.DocumentationPluginsBootstrapper -Found 1 custom documentation plugin(s)
2022-02-22 13:13:58.894 [main] INFO  s.d.s.w.s.ApiListingReferenceScanner -Scanning for api listing references
2022-02-22 13:13:58.939 [main] INFO  s.d.s.w.r.o.CachingOperationNameGenerator -Generating unique operation named: handleUsingGET_1
2022-02-22 13:13:58.941 [main] INFO  s.d.s.w.r.o.CachingOperationNameGenerator -Generating unique operation named: handleUsingGET_2
2022-02-22 13:13:58.991 [main] INFO  c.s.eduteacher.EduTeacherApplication -Started EduTeacherApplication in 4.224 seconds (JVM running for 5.289)
2022-02-22 13:13:59.264 [SpringContextShutdownHook] INFO  o.s.s.c.ThreadPoolTaskExecutor -Shutting down ExecutorService 'applicationTaskExecutor'
2022-02-22 13:13:59.265 [SpringContextShutdownHook] INFO  c.alibaba.druid.pool.DruidDataSource -{dataSource-1} closing ...
2022-02-22 13:13:59.266 [SpringContextShutdownHook] INFO  c.alibaba.druid.pool.DruidDataSource -{dataSource-1} closed
2022-02-22 13:14:09.327 [main] INFO  c.s.eduteacher.EduTeacherApplication -Starting EduTeacherApplication using Java 1.8.0_261 on LAPTOP-4COONQEM with PID 14684 (D:\IDEA\ideaproject\mall\service\service-edu\target\classes started by Kemp in D:\IDEA\ideaproject\mall)
2022-02-22 13:14:09.329 [main] INFO  c.s.eduteacher.EduTeacherApplication -The following profiles are active: dev
2022-02-22 13:14:10.274 [main] INFO  o.s.d.r.c.RepositoryConfigurationDelegate -Multiple Spring Data modules found, entering strict repository configuration mode!
2022-02-22 13:14:10.277 [main] INFO  o.s.d.r.c.RepositoryConfigurationDelegate -Bootstrapping Spring Data Redis repositories in DEFAULT mode.
2022-02-22 13:14:10.322 [main] INFO  o.s.d.r.c.RepositoryConfigurationDelegate -Finished Spring Data repository scanning in 28 ms. Found 0 Redis repository interfaces.
2022-02-22 13:14:10.416 [main] WARN  o.m.s.mapper.ClassPathMapperScanner -No MyBatis mapper was found in '[com.sjq.edu.mapper]' package. Please check your configuration.
2022-02-22 13:14:10.847 [main] INFO  o.s.b.w.e.tomcat.TomcatWebServer -Tomcat initialized with port(s): 8001 (http)
2022-02-22 13:14:10.859 [main] INFO  o.a.catalina.core.StandardService -Starting service [Tomcat]
2022-02-22 13:14:10.859 [main] INFO  o.a.catalina.core.StandardEngine -Starting Servlet engine: [Apache Tomcat/9.0.41]
2022-02-22 13:14:10.979 [main] INFO  o.a.c.c.C.[Tomcat].[localhost].[/] -Initializing Spring embedded WebApplicationContext
2022-02-22 13:14:10.979 [main] INFO  o.s.b.w.s.c.ServletWebServerApplicationContext -Root WebApplicationContext: initialization completed in 1594 ms
2022-02-22 13:14:11.307 [main] INFO  c.s.e.config.redis.RedisConfig -RedisTemplate实例化成功！
2022-02-22 13:14:11.377 [main] INFO  c.s.e.config.redis.RedisConfig -RedisUtil注入成功！
2022-02-22 13:14:11.672 [main] INFO  c.a.d.s.b.a.DruidDataSourceAutoConfigure -Init DruidDataSource
2022-02-22 13:14:11.746 [main] INFO  c.alibaba.druid.pool.DruidDataSource -{dataSource-1} inited
2022-02-22 13:14:11.809 [main] INFO  o.s.b.a.e.web.EndpointLinksResolver -Exposing 2 endpoint(s) beneath base path '/actuator'
2022-02-22 13:14:11.854 [main] INFO  s.d.s.w.PropertySourcedRequestMappingHandlerMapping -Mapped URL path [/v2/api-docs] onto method [springfox.documentation.swagger2.web.Swagger2Controller#getDocumentation(String, HttpServletRequest)]
2022-02-22 13:14:11.936 [main] INFO  o.s.s.c.ThreadPoolTaskExecutor -Initializing ExecutorService 'applicationTaskExecutor'
2022-02-22 13:14:12.913 [main] INFO  o.s.b.w.e.tomcat.TomcatWebServer -Tomcat started on port(s): 8001 (http) with context path ''
2022-02-22 13:14:12.914 [main] INFO  s.d.s.w.p.DocumentationPluginsBootstrapper -Context refreshed
2022-02-22 13:14:12.929 [main] INFO  s.d.s.w.p.DocumentationPluginsBootstrapper -Found 1 custom documentation plugin(s)
2022-02-22 13:14:12.967 [main] INFO  s.d.s.w.s.ApiListingReferenceScanner -Scanning for api listing references
2022-02-22 13:14:13.039 [main] INFO  s.d.s.w.r.o.CachingOperationNameGenerator -Generating unique operation named: handleUsingGET_1
2022-02-22 13:14:13.041 [main] INFO  s.d.s.w.r.o.CachingOperationNameGenerator -Generating unique operation named: handleUsingGET_2
2022-02-22 13:14:13.099 [main] INFO  c.s.eduteacher.EduTeacherApplication -Started EduTeacherApplication in 4.343 seconds (JVM running for 5.618)
2022-02-22 13:14:13.507 [RMI TCP Connection(7)-192.168.72.1] INFO  o.a.c.c.C.[Tomcat].[localhost].[/] -Initializing Spring DispatcherServlet 'dispatcherServlet'
2022-02-22 13:14:13.507 [RMI TCP Connection(7)-192.168.72.1] INFO  o.s.web.servlet.DispatcherServlet -Initializing Servlet 'dispatcherServlet'
2022-02-22 13:14:13.508 [RMI TCP Connection(7)-192.168.72.1] INFO  o.s.web.servlet.DispatcherServlet -Completed initialization in 1 ms
2022-02-22 13:15:08.704 [SpringContextShutdownHook] INFO  o.s.s.c.ThreadPoolTaskExecutor -Shutting down ExecutorService 'applicationTaskExecutor'
2022-02-22 13:15:08.705 [SpringContextShutdownHook] INFO  c.alibaba.druid.pool.DruidDataSource -{dataSource-1} closing ...
2022-02-22 13:15:08.708 [SpringContextShutdownHook] INFO  c.alibaba.druid.pool.DruidDataSource -{dataSource-1} closed
2022-02-22 13:15:11.712 [main] INFO  c.s.eduteacher.EduTeacherApplication -Starting EduTeacherApplication using Java 1.8.0_261 on LAPTOP-4COONQEM with PID 11628 (D:\IDEA\ideaproject\mall\service\service-edu\target\classes started by Kemp in D:\IDEA\ideaproject\mall)
2022-02-22 13:15:11.715 [main] INFO  c.s.eduteacher.EduTeacherApplication -The following profiles are active: dev
2022-02-22 13:15:12.994 [main] INFO  o.s.d.r.c.RepositoryConfigurationDelegate -Multiple Spring Data modules found, entering strict repository configuration mode!
2022-02-22 13:15:12.996 [main] INFO  o.s.d.r.c.RepositoryConfigurationDelegate -Bootstrapping Spring Data Redis repositories in DEFAULT mode.
2022-02-22 13:15:13.025 [main] INFO  o.s.d.r.c.RepositoryConfigurationDelegate -Finished Spring Data repository scanning in 15 ms. Found 0 Redis repository interfaces.
2022-02-22 13:15:13.122 [main] WARN  o.m.s.mapper.ClassPathMapperScanner -No MyBatis mapper was found in '[com.sjq.edu.mapper]' package. Please check your configuration.
2022-02-22 13:15:13.418 [main] INFO  o.s.b.w.e.tomcat.TomcatWebServer -Tomcat initialized with port(s): 8001 (http)
2022-02-22 13:15:13.501 [main] INFO  o.s.b.w.s.c.ServletWebServerApplicationContext -Root WebApplicationContext: initialization completed in 1739 ms
2022-02-22 13:15:13.731 [main] INFO  c.s.e.config.redis.RedisConfig -RedisTemplate实例化成功！
2022-02-22 13:15:13.794 [main] INFO  c.s.e.config.redis.RedisConfig -RedisUtil注入成功！
2022-02-22 13:15:14.108 [main] INFO  c.a.d.s.b.a.DruidDataSourceAutoConfigure -Init DruidDataSource
2022-02-22 13:15:14.212 [main] INFO  c.alibaba.druid.pool.DruidDataSource -{dataSource-1} inited
2022-02-22 13:15:14.279 [main] INFO  o.s.b.a.e.web.EndpointLinksResolver -Exposing 2 endpoint(s) beneath base path '/actuator'
2022-02-22 13:15:14.323 [main] INFO  s.d.s.w.PropertySourcedRequestMappingHandlerMapping -Mapped URL path [/v2/api-docs] onto method [springfox.documentation.swagger2.web.Swagger2Controller#getDocumentation(String, HttpServletRequest)]
2022-02-22 13:15:14.398 [main] INFO  o.s.s.c.ThreadPoolTaskExecutor -Initializing ExecutorService 'applicationTaskExecutor'
2022-02-22 13:15:15.322 [main] INFO  o.s.b.w.e.tomcat.TomcatWebServer -Tomcat started on port(s): 8001 (http) with context path ''
2022-02-22 13:15:15.323 [main] INFO  s.d.s.w.p.DocumentationPluginsBootstrapper -Context refreshed
2022-02-22 13:15:15.337 [main] INFO  s.d.s.w.p.DocumentationPluginsBootstrapper -Found 1 custom documentation plugin(s)
2022-02-22 13:15:15.365 [main] INFO  s.d.s.w.s.ApiListingReferenceScanner -Scanning for api listing references
2022-02-22 13:15:15.438 [main] INFO  s.d.s.w.r.o.CachingOperationNameGenerator -Generating unique operation named: handleUsingGET_1
2022-02-22 13:15:15.442 [main] INFO  s.d.s.w.r.o.CachingOperationNameGenerator -Generating unique operation named: handleUsingGET_2
2022-02-22 13:15:15.498 [main] INFO  c.s.eduteacher.EduTeacherApplication -Started EduTeacherApplication in 4.225 seconds (JVM running for 5.327)
2022-02-22 13:15:15.765 [SpringContextShutdownHook] INFO  o.s.s.c.ThreadPoolTaskExecutor -Shutting down ExecutorService 'applicationTaskExecutor'
2022-02-22 13:15:15.766 [SpringContextShutdownHook] INFO  c.alibaba.druid.pool.DruidDataSource -{dataSource-1} closing ...
2022-02-22 13:15:15.767 [SpringContextShutdownHook] INFO  c.alibaba.druid.pool.DruidDataSource -{dataSource-1} closed
2022-02-22 13:15:22.733 [main] INFO  c.s.eduteacher.EduTeacherApplication -Starting EduTeacherApplication using Java 1.8.0_261 on LAPTOP-4COONQEM with PID 4480 (D:\IDEA\ideaproject\mall\service\service-edu\target\classes started by Kemp in D:\IDEA\ideaproject\mall)
2022-02-22 13:15:22.735 [main] INFO  c.s.eduteacher.EduTeacherApplication -The following profiles are active: dev
2022-02-22 13:15:23.717 [main] INFO  o.s.d.r.c.RepositoryConfigurationDelegate -Multiple Spring Data modules found, entering strict repository configuration mode!
2022-02-22 13:15:23.719 [main] INFO  o.s.d.r.c.RepositoryConfigurationDelegate -Bootstrapping Spring Data Redis repositories in DEFAULT mode.
2022-02-22 13:15:23.761 [main] INFO  o.s.d.r.c.RepositoryConfigurationDelegate -Finished Spring Data repository scanning in 19 ms. Found 0 Redis repository interfaces.
2022-02-22 13:15:23.897 [main] WARN  o.m.s.mapper.ClassPathMapperScanner -No MyBatis mapper was found in '[com.sjq.edu.mapper]' package. Please check your configuration.
2022-02-22 13:15:24.280 [main] INFO  o.s.b.w.e.tomcat.TomcatWebServer -Tomcat initialized with port(s): 8001 (http)
2022-02-22 13:15:24.287 [main] INFO  o.a.catalina.core.StandardService -Starting service [Tomcat]
2022-02-22 13:15:24.288 [main] INFO  o.a.catalina.core.StandardEngine -Starting Servlet engine: [Apache Tomcat/9.0.41]
2022-02-22 13:15:24.363 [main] INFO  o.a.c.c.C.[Tomcat].[localhost].[/] -Initializing Spring embedded WebApplicationContext
2022-02-22 13:15:24.363 [main] INFO  o.s.b.w.s.c.ServletWebServerApplicationContext -Root WebApplicationContext: initialization completed in 1579 ms
2022-02-22 13:15:24.604 [main] INFO  c.s.e.config.redis.RedisConfig -RedisTemplate实例化成功！
2022-02-22 13:15:24.665 [main] INFO  c.s.e.config.redis.RedisConfig -RedisUtil注入成功！
2022-02-22 13:15:24.890 [main] INFO  c.a.d.s.b.a.DruidDataSourceAutoConfigure -Init DruidDataSource
2022-02-22 13:15:24.960 [main] INFO  c.alibaba.druid.pool.DruidDataSource -{dataSource-1} inited
2022-02-22 13:15:25.015 [main] INFO  o.s.b.a.e.web.EndpointLinksResolver -Exposing 2 endpoint(s) beneath base path '/actuator'
2022-02-22 13:15:25.060 [main] INFO  s.d.s.w.PropertySourcedRequestMappingHandlerMapping -Mapped URL path [/v2/api-docs] onto method [springfox.documentation.swagger2.web.Swagger2Controller#getDocumentation(String, HttpServletRequest)]
2022-02-22 13:15:25.139 [main] INFO  o.s.s.c.ThreadPoolTaskExecutor -Initializing ExecutorService 'applicationTaskExecutor'
2022-02-22 13:15:26.118 [main] INFO  o.s.b.w.e.tomcat.TomcatWebServer -Tomcat started on port(s): 8001 (http) with context path ''
2022-02-22 13:15:26.119 [main] INFO  s.d.s.w.p.DocumentationPluginsBootstrapper -Context refreshed
2022-02-22 13:15:26.132 [main] INFO  s.d.s.w.p.DocumentationPluginsBootstrapper -Found 1 custom documentation plugin(s)
2022-02-22 13:15:26.159 [main] INFO  s.d.s.w.s.ApiListingReferenceScanner -Scanning for api listing references
2022-02-22 13:15:26.205 [main] INFO  s.d.s.w.r.o.CachingOperationNameGenerator -Generating unique operation named: handleUsingGET_1
2022-02-22 13:15:26.207 [main] INFO  s.d.s.w.r.o.CachingOperationNameGenerator -Generating unique operation named: handleUsingGET_2
2022-02-22 13:15:26.259 [main] INFO  c.s.eduteacher.EduTeacherApplication -Started EduTeacherApplication in 4.044 seconds (JVM running for 5.255)
2022-02-22 13:15:26.428 [RMI TCP Connection(1)-192.168.72.1] INFO  o.a.c.c.C.[Tomcat].[localhost].[/] -Initializing Spring DispatcherServlet 'dispatcherServlet'
2022-02-22 13:15:26.428 [RMI TCP Connection(1)-192.168.72.1] INFO  o.s.web.servlet.DispatcherServlet -Initializing Servlet 'dispatcherServlet'
2022-02-22 13:15:26.430 [RMI TCP Connection(1)-192.168.72.1] INFO  o.s.web.servlet.DispatcherServlet -Completed initialization in 2 ms
2022-02-22 13:17:07.797 [SpringContextShutdownHook] INFO  o.s.s.c.ThreadPoolTaskExecutor -Shutting down ExecutorService 'applicationTaskExecutor'
2022-02-22 13:17:07.798 [SpringContextShutdownHook] INFO  c.alibaba.druid.pool.DruidDataSource -{dataSource-1} closing ...
2022-02-22 13:17:07.801 [SpringContextShutdownHook] INFO  c.alibaba.druid.pool.DruidDataSource -{dataSource-1} closed
2022-02-22 13:17:11.496 [main] INFO  c.s.eduteacher.EduTeacherApplication -Starting EduTeacherApplication using Java 1.8.0_261 on LAPTOP-4COONQEM with PID 3300 (D:\IDEA\ideaproject\mall\service\service-edu\target\classes started by Kemp in D:\IDEA\ideaproject\mall)
2022-02-22 13:17:11.498 [main] INFO  c.s.eduteacher.EduTeacherApplication -The following profiles are active: dev
2022-02-22 13:17:12.545 [main] INFO  o.s.d.r.c.RepositoryConfigurationDelegate -Multiple Spring Data modules found, entering strict repository configuration mode!
2022-02-22 13:17:12.547 [main] INFO  o.s.d.r.c.RepositoryConfigurationDelegate -Bootstrapping Spring Data Redis repositories in DEFAULT mode.
2022-02-22 13:17:12.576 [main] INFO  o.s.d.r.c.RepositoryConfigurationDelegate -Finished Spring Data repository scanning in 17 ms. Found 0 Redis repository interfaces.
2022-02-22 13:17:12.661 [main] WARN  o.m.s.mapper.ClassPathMapperScanner -No MyBatis mapper was found in '[com.sjq.edu.mapper]' package. Please check your configuration.
2022-02-22 13:17:12.929 [main] INFO  o.s.b.w.e.tomcat.TomcatWebServer -Tomcat initialized with port(s): 8001 (http)
2022-02-22 13:17:12.935 [main] INFO  o.a.catalina.core.StandardService -Starting service [Tomcat]
2022-02-22 13:17:12.936 [main] INFO  o.a.catalina.core.StandardEngine -Starting Servlet engine: [Apache Tomcat/9.0.41]
2022-02-22 13:17:13.010 [main] INFO  o.a.c.c.C.[Tomcat].[localhost].[/] -Initializing Spring embedded WebApplicationContext
2022-02-22 13:17:13.010 [main] INFO  o.s.b.w.s.c.ServletWebServerApplicationContext -Root WebApplicationContext: initialization completed in 1468 ms
2022-02-22 13:17:13.160 [main] INFO  c.s.e.config.redis.RedisConfig -RedisTemplate实例化成功！
2022-02-22 13:17:13.249 [main] INFO  c.s.e.config.redis.RedisConfig -RedisUtil注入成功！
2022-02-22 13:17:13.458 [main] INFO  c.a.d.s.b.a.DruidDataSourceAutoConfigure -Init DruidDataSource
2022-02-22 13:17:13.518 [main] INFO  c.alibaba.druid.pool.DruidDataSource -{dataSource-1} inited
2022-02-22 13:17:13.568 [main] INFO  o.s.b.a.e.web.EndpointLinksResolver -Exposing 2 endpoint(s) beneath base path '/actuator'
2022-02-22 13:17:13.614 [main] INFO  s.d.s.w.PropertySourcedRequestMappingHandlerMapping -Mapped URL path [/v2/api-docs] onto method [springfox.documentation.swagger2.web.Swagger2Controller#getDocumentation(String, HttpServletRequest)]
2022-02-22 13:17:13.705 [main] INFO  o.s.s.c.ThreadPoolTaskExecutor -Initializing ExecutorService 'applicationTaskExecutor'
2022-02-22 13:17:14.677 [main] INFO  o.s.b.w.e.tomcat.TomcatWebServer -Tomcat started on port(s): 8001 (http) with context path ''
2022-02-22 13:17:14.678 [main] INFO  s.d.s.w.p.DocumentationPluginsBootstrapper -Context refreshed
2022-02-22 13:17:14.688 [main] INFO  s.d.s.w.p.DocumentationPluginsBootstrapper -Found 1 custom documentation plugin(s)
2022-02-22 13:17:14.711 [main] INFO  s.d.s.w.s.ApiListingReferenceScanner -Scanning for api listing references
2022-02-22 13:17:14.750 [main] INFO  s.d.s.w.r.o.CachingOperationNameGenerator -Generating unique operation named: handleUsingGET_1
2022-02-22 13:17:14.753 [main] INFO  s.d.s.w.r.o.CachingOperationNameGenerator -Generating unique operation named: handleUsingGET_2
2022-02-22 13:17:14.798 [main] INFO  c.s.eduteacher.EduTeacherApplication -Started EduTeacherApplication in 3.69 seconds (JVM running for 4.632)
2022-02-22 13:17:15.347 [RMI TCP Connection(1)-192.168.72.1] INFO  o.a.c.c.C.[Tomcat].[localhost].[/] -Initializing Spring DispatcherServlet 'dispatcherServlet'
2022-02-22 13:17:15.347 [RMI TCP Connection(1)-192.168.72.1] INFO  o.s.web.servlet.DispatcherServlet -Initializing Servlet 'dispatcherServlet'
2022-02-22 13:17:15.349 [RMI TCP Connection(1)-192.168.72.1] INFO  o.s.web.servlet.DispatcherServlet -Completed initialization in 2 ms
